#
# A fatal error has been detected by the Java Runtime Environment:
#
#  SIGSEGV (0xb) at pc=0x00007f8e69a4dd17, pid=10486, tid=0x00007f8e45f6e700
#
# JRE version: OpenJDK Runtime Environment (8.0_212-b01) (build 1.8.0_212-b01)
# Java VM: OpenJDK 64-Bit Server VM (25.212-b01 mixed mode linux-amd64 compressed oops)
# Problematic frame:
# C  [libc.so.6+0x160d17]  __memmove_avx_unaligned_erms+0x87
#
# Core dump written. Default location: /home/loreloc/Documents/qt-clustering/client/core or core.10486
#
# If you would like to submit a bug report, please visit:
#   http://bugreport.java.com/bugreport/crash.jsp
# The crash happened outside the Java Virtual Machine in native code.
# See problematic frame for where to report the bug.
#

---------------  T H R E A D  ---------------

Current thread (0x00007f8e64203800):  JavaThread "QuantumRenderer-0" daemon [_thread_in_native, id=10503, stack(0x00007f8e45e6e000,0x00007f8e45f6f000)]

siginfo: si_signo: 11 (SIGSEGV), si_code: 2 (SEGV_ACCERR), si_addr: 0x00000000dac48034

Registers:
RAX=0x00007f8df262f2f4, RBX=0x0000000000030300, RCX=0x000000000000000c, RDX=0x000000000000000c
RSP=0x00007f8e45f6ce28, RBP=0x00007f8e101755c0, RSI=0x00000000dac48030, RDI=0x00007f8df262f2f4
R8 =0x00000000000302f4, R9 =0x000000000000000c, R10=0x00000000ffffffff, R11=0x00007f8e100f5650
R12=0x00007f8e45f6ce90, R13=0x0000000000000000, R14=0x00000000dac48030, R15=0x000000000000000c
RIP=0x00007f8e69a4dd17, EFLAGS=0x0000000000010202, CSGSFS=0x002b000000000033, ERR=0x0000000000000004
  TRAPNO=0x000000000000000e

Top of Stack: (sp=0x00007f8e45f6ce28)
0x00007f8e45f6ce28:   00007f8e16c73146 0000000000000000
0x00007f8e45f6ce38:   00000000000302f4 0000000000000000
0x00007f8e45f6ce48:   0000000000000000 00007f8e17562f10
0x00007f8e45f6ce58:   000000000000000c 00007f8e101755c0
0x00007f8e45f6ce68:   0000000000000000 0000000000000001
0x00007f8e45f6ce78:   00007f8e16d0458f 00007f8e100fdc30
0x00007f8e45f6ce88:   00007f8e45f6ce90 00007f8e082b5fe4
0x00007f8e45f6ce98:   277cc501b0c92900 00000000d8f3be20
0x00007f8e45f6cea8:   00007f8e101755c0 00007f8e17562f10
0x00007f8e45f6ceb8:   00007f8e10175a48 00007f8e10178d30
0x00007f8e45f6cec8:   00000000200bd08b 00007f8e17562f80
0x00007f8e45f6ced8:   00007f8e16d041bc 00000000d8f3bfb8
0x00007f8e45f6cee8:   00007f8e101755c0 00007f8e45f6d020
0x00007f8e45f6cef8:   00007f8e10177548 0000000000000001
0x00007f8e45f6cf08:   00007f8e101be230 00007f8e10177548
0x00007f8e45f6cf18:   00007f8e16d042f7 00007f8e45f6d020
0x00007f8e45f6cf28:   00007f8e10177548 00007f8e101755c0
0x00007f8e45f6cf38:   00007f8e16d0595a 00007f8e100fdc30
0x00007f8e45f6cf48:   00007f8e100f5650 0000000000000001
0x00007f8e45f6cf58:   00007f8e169087da 0000000000000021
0x00007f8e45f6cf68:   277cc501b0c92900 00007f8e102ad120
0x00007f8e45f6cf78:   0000000000000000 00007f8e102aa550
0x00007f8e45f6cf88:   00007f8e16a7d11c 00007f8e45f6d020
0x00007f8e45f6cf98:   00007f8e101f0780 0000000000000002
0x00007f8e45f6cfa8:   00007f8e171fa17a 0000000000000014
0x00007f8e45f6cfb8:   00007f8e16a4c781 00007f8e10176390
0x00007f8e45f6cfc8:   00007f8e45f6d0b0 0000000000000000
0x00007f8e45f6cfd8:   277cc501b0c92900 00007f8e1018a950
0x00007f8e45f6cfe8:   00007f8e101c0314 00007f8e1018a950
0x00007f8e45f6cff8:   00007f8e45f6d0b0 0000000000000001
0x00007f8e45f6d008:   00007f8e101be230 00007f8e45f6d150
0x00007f8e45f6d018:   00007f8e16a4e807 0000000000000600 

Instructions: (pc=0x00007f8e69a4dd17)
0x00007f8e69a4dcf7:   01 77 3b 72 05 0f b6 0e 88 0f c3 c5 fa 6f 06 c5
0x00007f8e69a4dd07:   fa 6f 4c 16 f0 c5 fa 7f 07 c5 fa 7f 4c 17 f0 c3
0x00007f8e69a4dd17:   48 8b 4c 16 f8 48 8b 36 48 89 4c 17 f8 48 89 37
0x00007f8e69a4dd27:   c3 8b 4c 16 fc 8b 36 89 4c 17 fc 89 37 c3 0f b7 

Register to memory mapping:

RAX=0x00007f8df262f2f4 is an unknown value
RBX=0x0000000000030300 is an unknown value
RCX=0x000000000000000c is an unknown value
RDX=0x000000000000000c is an unknown value
RSP=0x00007f8e45f6ce28 is pointing into the stack for thread: 0x00007f8e64203800
RBP=0x00007f8e101755c0 is an unknown value
RSI=0x00000000dac48030 is an unallocated location in the heap
RDI=0x00007f8df262f2f4 is an unknown value
R8 =0x00000000000302f4 is an unknown value
R9 =0x000000000000000c is an unknown value
R10=0x00000000ffffffff is an unallocated location in the heap
R11=0x00007f8e100f5650 is an unknown value
R12=0x00007f8e45f6ce90 is pointing into the stack for thread: 0x00007f8e64203800
R13=0x0000000000000000 is an unknown value
R14=0x00000000dac48030 is an unallocated location in the heap
R15=0x000000000000000c is an unknown value


Stack: [0x00007f8e45e6e000,0x00007f8e45f6f000],  sp=0x00007f8e45f6ce28,  free space=1019k
Native frames: (J=compiled Java code, j=interpreted, Vv=VM code, C=native code)
C  [libc.so.6+0x160d17]  __memmove_avx_unaligned_erms+0x87

Java frames: (J=compiled Java code, j=interpreted, Vv=VM code)
J 3643  com.sun.prism.es2.GLContext.nClearBuffers(JFFFFZZZ)V (0 bytes) @ 0x00007f8e55bbcc8a [0x00007f8e55bbcc40+0x4a]
J 4147 C2 com.sun.prism.es2.ES2Graphics.clear(Lcom/sun/prism/paint/Color;)V (36 bytes) @ 0x00007f8e55222268 [0x00007f8e552221a0+0xc8]
J 3760 C1 com.sun.javafx.tk.quantum.ViewPainter.doPaint(Lcom/sun/prism/Graphics;Lcom/sun/javafx/sg/prism/NodePath;)V (205 bytes) @ 0x00007f8e55c44854 [0x00007f8e55c44180+0x6d4]
J 3433 C1 com.sun.javafx.tk.quantum.ViewPainter.paintImpl(Lcom/sun/prism/Graphics;)V (1457 bytes) @ 0x00007f8e55b068a4 [0x00007f8e55b03e40+0x2a64]
J 3836 C1 com.sun.javafx.tk.quantum.PresentingPainter.run()V (675 bytes) @ 0x00007f8e55c97c3c [0x00007f8e55c95c40+0x1ffc]
J 4061 C1 java.util.concurrent.Executors$RunnableAdapter.call()Ljava/lang/Object; (14 bytes) @ 0x00007f8e555340cc [0x00007f8e55533fc0+0x10c]
J 4066 C1 java.util.concurrent.FutureTask.runAndReset()Z (128 bytes) @ 0x00007f8e55181e9c [0x00007f8e55181c40+0x25c]
J 3835 C1 com.sun.javafx.tk.RenderJob.run()V (105 bytes) @ 0x00007f8e55c9292c [0x00007f8e55c928a0+0x8c]
j  java.util.concurrent.ThreadPoolExecutor.runWorker(Ljava/util/concurrent/ThreadPoolExecutor$Worker;)V+95
j  java.util.concurrent.ThreadPoolExecutor$Worker.run()V+5
j  com.sun.javafx.tk.quantum.QuantumRenderer$PipelineRunnable.run()V+8
j  java.lang.Thread.run()V+11
v  ~StubRoutines::call_stub

---------------  P R O C E S S  ---------------

Java Threads: ( => current thread )
  0x00007f8e0022c000 JavaThread "Prism Font Disposer" daemon [_thread_blocked, id=10508, stack(0x00007f8e09d6d000,0x00007f8e09e6e000)]
  0x00007f8e642de800 JavaThread "JavaFX-Launcher" [_thread_blocked, id=10507, stack(0x00007f8e0a72e000,0x00007f8e0a82f000)]
  0x00007f8e642db000 JavaThread "JavaFX Application Thread" [_thread_in_native, id=10506, stack(0x00007f8e0a8af000,0x00007f8e0a9b0000)]
  0x00007f8e642d8800 JavaThread "Thread-1" daemon [_thread_blocked, id=10505, stack(0x00007f8e0a9b0000,0x00007f8e0aab1000)]
=>0x00007f8e64203800 JavaThread "QuantumRenderer-0" daemon [_thread_in_native, id=10503, stack(0x00007f8e45e6e000,0x00007f8e45f6f000)]
  0x00007f8e640c8000 JavaThread "Service Thread" daemon [_thread_blocked, id=10501, stack(0x00007f8e46107000,0x00007f8e46208000)]
  0x00007f8e640bd000 JavaThread "C1 CompilerThread2" daemon [_thread_blocked, id=10500, stack(0x00007f8e46209000,0x00007f8e46309000)]
  0x00007f8e640bb800 JavaThread "C2 CompilerThread1" daemon [_thread_blocked, id=10499, stack(0x00007f8e4630a000,0x00007f8e4640a000)]
  0x00007f8e640b8800 JavaThread "C2 CompilerThread0" daemon [_thread_blocked, id=10498, stack(0x00007f8e4640b000,0x00007f8e4650b000)]
  0x00007f8e640b7000 JavaThread "Signal Dispatcher" daemon [_thread_blocked, id=10497, stack(0x00007f8e4650b000,0x00007f8e4660c000)]
  0x00007f8e64084000 JavaThread "Finalizer" daemon [_thread_blocked, id=10496, stack(0x00007f8e468f1000,0x00007f8e469f2000)]
  0x00007f8e64081800 JavaThread "Reference Handler" daemon [_thread_blocked, id=10495, stack(0x00007f8e469f2000,0x00007f8e46af3000)]
  0x00007f8e6400a800 JavaThread "main" [_thread_blocked, id=10489, stack(0x00007f8e68776000,0x00007f8e68876000)]

Other Threads:
  0x00007f8e64078000 VMThread [stack: 0x00007f8e46af4000,0x00007f8e46bf4000] [id=10494]
  0x00007f8e640ca800 WatcherThread [stack: 0x00007f8e46007000,0x00007f8e46107000] [id=10502]

VM state:not at safepoint (normal execution)

VM Mutex/Monitor currently owned by a thread: None

heap address: 0x0000000084600000, size: 1978 MB, Compressed Oops mode: 32-bit
Narrow klass base: 0x0000000000000000, Narrow klass shift: 3
Compressed class space size: 1073741824 Address: 0x0000000100000000

Heap:
 PSYoungGen      total 36352K, used 5816K [0x00000000d6d00000, 0x00000000dac00000, 0x0000000100000000)
  eden space 31232K, 2% used [0x00000000d6d00000,0x00000000d6db4090,0x00000000d8b80000)
  from space 5120K, 99% used [0x00000000d8c00000,0x00000000d90fa060,0x00000000d9100000)
  to   space 13312K, 0% used [0x00000000d9f00000,0x00000000d9f00000,0x00000000dac00000)
 ParOldGen       total 84992K, used 12687K [0x0000000084600000, 0x0000000089900000, 0x00000000d6d00000)
  object space 84992K, 14% used [0x0000000084600000,0x0000000085263d38,0x0000000089900000)
 Metaspace       used 19942K, capacity 20992K, committed 21120K, reserved 1067008K
  class space    used 2619K, capacity 2841K, committed 2944K, reserved 1048576K

Card table byte_map: [0x00007f8e54c22000,0x00007f8e55000000] byte_map_base: 0x00007f8e547ff000

Marking Bits: (ParMarkBitMap*) 0x00007f8e69691c80
 Begin Bits: [0x00007f8e4c230000, 0x00007f8e4e118000)
 End Bits:   [0x00007f8e4e118000, 0x00007f8e50000000)

Polling page: 0x00007f8e69b1b000

CodeCache: size=245760Kb used=15076Kb max_used=15126Kb free=230683Kb
 bounds [0x00007f8e55000000, 0x00007f8e55ee0000, 0x00007f8e64000000]
 total_blobs=5061 nmethods=4390 adapters=582
 compilation: enabled

Compilation events (10 events):
Event: 75.672 Thread 0x00007f8e640b8800 4928       4       com.sun.prism.impl.ps.CachingShapeRepState::render (783 bytes)
Event: 75.703 Thread 0x00007f8e640b8800 nmethod 4928 0x00007f8e55ecd990 code [0x00007f8e55ecdf80, 0x00007f8e55ed0580]
Event: 75.768 Thread 0x00007f8e640bb800 4929       4       com.sun.javafx.sg.prism.NGShape::renderContent2D (173 bytes)
Event: 75.773 Thread 0x00007f8e640bb800 nmethod 4929 0x00007f8e55122350 code [0x00007f8e55122580, 0x00007f8e55122ce0]
Event: 75.811 Thread 0x00007f8e640b8800 4930   !   4       com.sun.javafx.event.EventQueue::fire (66 bytes)
Event: 75.818 Thread 0x00007f8e640b8800 nmethod 4930 0x00007f8e55ed5750 code [0x00007f8e55ed5960, 0x00007f8e55ed60f8]
Event: 76.423 Thread 0x00007f8e640bd000 4931       3       javafx.scene.control.TextInputControl::getFormatterAccessor (25 bytes)
Event: 76.423 Thread 0x00007f8e640bd000 nmethod 4931 0x00007f8e55ebfd10 code [0x00007f8e55ebfe80, 0x00007f8e55ec01b0]
Event: 76.423 Thread 0x00007f8e640bd000 4932       3       javafx.scene.control.TextFormatter$Change::<init> (44 bytes)
Event: 76.424 Thread 0x00007f8e640bd000 nmethod 4932 0x00007f8e55121f10 code [0x00007f8e55122080, 0x00007f8e55122290]

GC Heap History (10 events):
Event: 0.608 GC heap before
{Heap before GC invocations=1 (full 0):
 PSYoungGen      total 36864K, used 31744K [0x00000000d6d00000, 0x00000000d9600000, 0x0000000100000000)
  eden space 31744K, 100% used [0x00000000d6d00000,0x00000000d8c00000,0x00000000d8c00000)
  from space 5120K, 0% used [0x00000000d9100000,0x00000000d9100000,0x00000000d9600000)
  to   space 5120K, 0% used [0x00000000d8c00000,0x00000000d8c00000,0x00000000d9100000)
 ParOldGen       total 84992K, used 0K [0x0000000084600000, 0x0000000089900000, 0x00000000d6d00000)
  object space 84992K, 0% used [0x0000000084600000,0x0000000084600000,0x0000000089900000)
 Metaspace       used 12993K, capacity 13598K, committed 13824K, reserved 1060864K
  class space    used 1812K, capacity 1970K, committed 2048K, reserved 1048576K
Event: 0.615 GC heap after
Heap after GC invocations=1 (full 0):
 PSYoungGen      total 36864K, used 5097K [0x00000000d6d00000, 0x00000000db500000, 0x0000000100000000)
  eden space 31744K, 0% used [0x00000000d6d00000,0x00000000d6d00000,0x00000000d8c00000)
  from space 5120K, 99% used [0x00000000d8c00000,0x00000000d90fa4f0,0x00000000d9100000)
  to   space 5120K, 0% used [0x00000000db000000,0x00000000db000000,0x00000000db500000)
 ParOldGen       total 84992K, used 4898K [0x0000000084600000, 0x0000000089900000, 0x00000000d6d00000)
  object space 84992K, 5% used [0x0000000084600000,0x0000000084ac8b18,0x0000000089900000)
 Metaspace       used 12993K, capacity 13598K, committed 13824K, reserved 1060864K
  class space    used 1812K, capacity 1970K, committed 2048K, reserved 1048576K
}
Event: 28.492 GC heap before
{Heap before GC invocations=2 (full 0):
 PSYoungGen      total 36864K, used 36841K [0x00000000d6d00000, 0x00000000db500000, 0x0000000100000000)
  eden space 31744K, 100% used [0x00000000d6d00000,0x00000000d8c00000,0x00000000d8c00000)
  from space 5120K, 99% used [0x00000000d8c00000,0x00000000d90fa4f0,0x00000000d9100000)
  to   space 5120K, 0% used [0x00000000db000000,0x00000000db000000,0x00000000db500000)
 ParOldGen       total 84992K, used 4898K [0x0000000084600000, 0x0000000089900000, 0x00000000d6d00000)
  object space 84992K, 5% used [0x0000000084600000,0x0000000084ac8b18,0x0000000089900000)
 Metaspace       used 19445K, capacity 20554K, committed 20864K, reserved 1067008K
  class space    used 2601K, capacity 2830K, committed 2944K, reserved 1048576K
Event: 28.502 GC heap after
Heap after GC invocations=2 (full 0):
 PSYoungGen      total 36864K, used 5096K [0x00000000d6d00000, 0x00000000db500000, 0x0000000100000000)
  eden space 31744K, 0% used [0x00000000d6d00000,0x00000000d6d00000,0x00000000d8c00000)
  from space 5120K, 99% used [0x00000000db000000,0x00000000db4fa040,0x00000000db500000)
  to   space 5120K, 0% used [0x00000000d8c00000,0x00000000d8c00000,0x00000000d9100000)
 ParOldGen       total 84992K, used 11349K [0x0000000084600000, 0x0000000089900000, 0x00000000d6d00000)
  object space 84992K, 13% used [0x0000000084600000,0x0000000085115638,0x0000000089900000)
 Metaspace       used 19445K, capacity 20554K, committed 20864K, reserved 1067008K
  class space    used 2601K, capacity 2830K, committed 2944K, reserved 1048576K
}
Event: 53.464 GC heap before
{Heap before GC invocations=3 (full 0):
 PSYoungGen      total 36864K, used 36840K [0x00000000d6d00000, 0x00000000db500000, 0x0000000100000000)
  eden space 31744K, 100% used [0x00000000d6d00000,0x00000000d8c00000,0x00000000d8c00000)
  from space 5120K, 99% used [0x00000000db000000,0x00000000db4fa040,0x00000000db500000)
  to   space 5120K, 0% used [0x00000000d8c00000,0x00000000d8c00000,0x00000000d9100000)
 ParOldGen       total 84992K, used 11349K [0x0000000084600000, 0x0000000089900000, 0x00000000d6d00000)
  object space 84992K, 13% used [0x0000000084600000,0x0000000085115638,0x0000000089900000)
 Metaspace       used 19740K, capacity 20790K, committed 21120K, reserved 1067008K
  class space    used 2617K, capacity 2840K, committed 2944K, reserved 1048576K
Event: 53.470 GC heap after
Heap after GC invocations=3 (full 0):
 PSYoungGen      total 36864K, used 5096K [0x00000000d6d00000, 0x00000000db080000, 0x0000000100000000)
  eden space 31744K, 0% used [0x00000000d6d00000,0x00000000d6d00000,0x00000000d8c00000)
  from space 5120K, 99% used [0x00000000d8c00000,0x00000000d90fa060,0x00000000d9100000)
  to   space 5120K, 0% used [0x00000000dab80000,0x00000000dab80000,0x00000000db080000)
 ParOldGen       total 84992K, used 11839K [0x0000000084600000, 0x0000000089900000, 0x00000000d6d00000)
  object space 84992K, 13% used [0x0000000084600000,0x000000008518fd38,0x0000000089900000)
 Metaspace       used 19740K, capacity 20790K, committed 21120K, reserved 1067008K
  class space    used 2617K, capacity 2840K, committed 2944K, reserved 1048576K
}
Event: 64.401 GC heap before
{Heap before GC invocations=4 (full 0):
 PSYoungGen      total 36864K, used 36840K [0x00000000d6d00000, 0x00000000db080000, 0x0000000100000000)
  eden space 31744K, 100% used [0x00000000d6d00000,0x00000000d8c00000,0x00000000d8c00000)
  from space 5120K, 99% used [0x00000000d8c00000,0x00000000d90fa060,0x00000000d9100000)
  to   space 5120K, 0% used [0x00000000dab80000,0x00000000dab80000,0x00000000db080000)
 ParOldGen       total 84992K, used 11839K [0x0000000084600000, 0x0000000089900000, 0x00000000d6d00000)
  object space 84992K, 13% used [0x0000000084600000,0x000000008518fd38,0x0000000089900000)
 Metaspace       used 19859K, capacity 20924K, committed 21120K, reserved 1067008K
  class space    used 2618K, capacity 2841K, committed 2944K, reserved 1048576K
Event: 64.412 GC heap after
Heap after GC invocations=4 (full 0):
 PSYoungGen      total 36864K, used 5096K [0x00000000d6d00000, 0x00000000db080000, 0x0000000100000000)
  eden space 31744K, 0% used [0x00000000d6d00000,0x00000000d6d00000,0x00000000d8c00000)
  from space 5120K, 99% used [0x00000000dab80000,0x00000000db07a060,0x00000000db080000)
  to   space 5120K, 0% used [0x00000000d8c00000,0x00000000d8c00000,0x00000000d9100000)
 ParOldGen       total 84992K, used 12383K [0x0000000084600000, 0x0000000089900000, 0x00000000d6d00000)
  object space 84992K, 14% used [0x0000000084600000,0x0000000085217d38,0x0000000089900000)
 Metaspace       used 19859K, capacity 20924K, committed 21120K, reserved 1067008K
  class space    used 2618K, capacity 2841K, committed 2944K, reserved 1048576K
}
Event: 76.411 GC heap before
{Heap before GC invocations=5 (full 0):
 PSYoungGen      total 36864K, used 36840K [0x00000000d6d00000, 0x00000000db080000, 0x0000000100000000)
  eden space 31744K, 100% used [0x00000000d6d00000,0x00000000d8c00000,0x00000000d8c00000)
  from space 5120K, 99% used [0x00000000dab80000,0x00000000db07a060,0x00000000db080000)
  to   space 5120K, 0% used [0x00000000d8c00000,0x00000000d8c00000,0x00000000d9100000)
 ParOldGen       total 84992K, used 12383K [0x0000000084600000, 0x0000000089900000, 0x00000000d6d00000)
  object space 84992K, 14% used [0x0000000084600000,0x0000000085217d38,0x0000000089900000)
 Metaspace       used 19941K, capacity 20992K, committed 21120K, reserved 1067008K
  class space    used 2619K, capacity 2841K, committed 2944K, reserved 1048576K
Event: 76.423 GC heap after
Heap after GC invocations=5 (full 0):
 PSYoungGen      total 36352K, used 5096K [0x00000000d6d00000, 0x00000000dac00000, 0x0000000100000000)
  eden space 31232K, 0% used [0x00000000d6d00000,0x00000000d6d00000,0x00000000d8b80000)
  from space 5120K, 99% used [0x00000000d8c00000,0x00000000d90fa060,0x00000000d9100000)
  to   space 13312K, 0% used [0x00000000d9f00000,0x00000000d9f00000,0x00000000dac00000)
 ParOldGen       total 84992K, used 12687K [0x0000000084600000, 0x0000000089900000, 0x00000000d6d00000)
  object space 84992K, 14% used [0x0000000084600000,0x0000000085263d38,0x0000000089900000)
 Metaspace       used 19941K, capacity 20992K, committed 21120K, reserved 1067008K
  class space    used 2619K, capacity 2841K, committed 2944K, reserved 1048576K
}

Deoptimization events (10 events):
Event: 54.031 Thread 0x00007f8e642db000 Uncommon trap: reason=bimorphic action=maybe_recompile pc=0x00007f8e55a6c950 method=javafx.scene.Node$LazyBoundsProperty.get()Ljavafx/geometry/Bounds; @ 9
Event: 54.039 Thread 0x00007f8e642db000 Uncommon trap: reason=unstable_if action=reinterpret pc=0x00007f8e55be288c method=javafx.scene.Node.updateBounds()V @ 47
Event: 54.061 Thread 0x00007f8e64203800 Uncommon trap: reason=unstable_if action=reinterpret pc=0x00007f8e55da4ba4 method=com.sun.javafx.geom.Path2D.<init>(Lcom/sun/javafx/geom/Shape;Lcom/sun/javafx/geom/transform/BaseTransform;)V @ 57
Event: 54.535 Thread 0x00007f8e64203800 Uncommon trap: reason=unstable_if action=reinterpret pc=0x00007f8e55bf3c74 method=com.sun.javafx.sg.prism.NGNode.markCullRegions(Lcom/sun/javafx/geom/DirtyRegionContainer;ILcom/sun/javafx/geom/transform/BaseTransform;Lcom/sun/javafx/geom/transform/General
Event: 56.537 Thread 0x00007f8e642db000 Uncommon trap: reason=class_check action=maybe_recompile pc=0x00007f8e55debf90 method=java.lang.reflect.Array.newInstance(Ljava/lang/Class;I)Ljava/lang/Object; @ 2
Event: 56.537 Thread 0x00007f8e642db000 Uncommon trap: reason=class_check action=maybe_recompile pc=0x00007f8e55debf90 method=java.lang.reflect.Array.newInstance(Ljava/lang/Class;I)Ljava/lang/Object; @ 2
Event: 56.537 Thread 0x00007f8e642db000 Uncommon trap: reason=class_check action=maybe_recompile pc=0x00007f8e55debf90 method=java.lang.reflect.Array.newInstance(Ljava/lang/Class;I)Ljava/lang/Object; @ 2
Event: 56.539 Thread 0x00007f8e642db000 Uncommon trap: reason=class_check action=maybe_recompile pc=0x00007f8e55debf90 method=java.lang.reflect.Array.newInstance(Ljava/lang/Class;I)Ljava/lang/Object; @ 2
Event: 56.539 Thread 0x00007f8e642db000 Uncommon trap: reason=bimorphic action=maybe_recompile pc=0x00007f8e55a6c950 method=javafx.scene.Node$LazyBoundsProperty.get()Ljavafx/geometry/Bounds; @ 9
Event: 56.556 Thread 0x00007f8e642db000 Uncommon trap: reason=unstable_if action=reinterpret pc=0x00007f8e55df47e8 method=javafx.scene.Node.updateBounds()V @ 70

Classes redefined (0 events):
No events

Internal exceptions (10 events):
Event: 0.089 Thread 0x00007f8e6400a800 Exception <a 'java/security/PrivilegedActionException'> (0x00000000d6fb0890) thrown at [/build/java8-openjdk/src/jdk8u-jdk8u212-b01/hotspot/src/share/vm/prims/jvm.cpp, line 1502]
Event: 0.089 Thread 0x00007f8e6400a800 Exception <a 'java/security/PrivilegedActionException'> (0x00000000d6fb0aa0) thrown at [/build/java8-openjdk/src/jdk8u-jdk8u212-b01/hotspot/src/share/vm/prims/jvm.cpp, line 1502]
Event: 0.089 Thread 0x00007f8e6400a800 Exception <a 'java/lang/NullPointerException'> (0x00000000d6fb11e8) thrown at [/build/java8-openjdk/src/jdk8u-jdk8u212-b01/hotspot/src/share/vm/interpreter/linkResolver.cpp, line 1185]
Event: 0.320 Thread 0x00007f8e642db000 Exception <a 'java/lang/NullPointerException'> (0x00000000d7aba940) thrown at [/build/java8-openjdk/src/jdk8u-jdk8u212-b01/hotspot/src/share/vm/interpreter/linkResolver.cpp, line 1185]
Event: 0.320 Thread 0x00007f8e642db000 Exception <a 'java/lang/NullPointerException'> (0x00000000d7aba940) thrown at [/build/java8-openjdk/src/jdk8u-jdk8u212-b01/hotspot/src/share/vm/prims/jvm.cpp, line 1506]
Event: 0.490 Thread 0x00007f8e642db000 Implicit null exception at 0x00007f8e5526fbb5 to 0x00007f8e5526fd99
Event: 1.936 Thread 0x00007f8e64203800 Implicit null exception at 0x00007f8e556817a0 to 0x00007f8e55681cbd
Event: 7.431 Thread 0x00007f8e64203800 Implicit null exception at 0x00007f8e556befa9 to 0x00007f8e556bf314
Event: 12.844 Thread 0x00007f8e642db000 Exception <a 'java/net/ConnectException'> (0x00000000d8310a80) thrown at [/build/java8-openjdk/src/jdk8u-jdk8u212-b01/hotspot/src/share/vm/prims/jni.cpp, line 710]
Event: 54.061 Thread 0x00007f8e64203800 Implicit null exception at 0x00007f8e55da458e to 0x00007f8e55da4b95

Events (10 events):
Event: 75.818 Thread 0x00007f8e640b8800 flushing nmethod 0x00007f8e552b33d0
Event: 76.411 Executing VM operation: ParallelGCFailedAllocation
Event: 76.423 Executing VM operation: ParallelGCFailedAllocation done
Event: 76.423 Thread 0x00007f8e640bd000 flushing nmethod 0x00007f8e553ba110
Event: 76.424 Thread 0x00007f8e640bd000 flushing nmethod 0x00007f8e553e2250
Event: 76.424 Thread 0x00007f8e640bd000 flushing nmethod 0x00007f8e5541ded0
Event: 76.424 Thread 0x00007f8e640bd000 flushing nmethod 0x00007f8e5541e7d0
Event: 76.424 Thread 0x00007f8e640bd000 flushing nmethod 0x00007f8e5541f790
Event: 76.424 Thread 0x00007f8e640bd000 flushing nmethod 0x00007f8e5542f850
Event: 76.424 Thread 0x00007f8e640bd000 flushing nmethod 0x00007f8e55447950


Dynamic libraries:
84600000-89900000 rw-p 00000000 00:00 0 
89900000-d6d00000 ---p 00000000 00:00 0 
d6d00000-dac00000 rw-p 00000000 00:00 0 
dac00000-100000000 ---p 00000000 00:00 0 
100000000-1002e0000 rw-p 00000000 00:00 0 
1002e0000-140000000 ---p 00000000 00:00 0 
5557d2a83000-5557d2a84000 r--p 00000000 08:02 663478                     /usr/lib/jvm/java-8-openjdk/jre/bin/java
5557d2a84000-5557d2a85000 r-xp 00001000 08:02 663478                     /usr/lib/jvm/java-8-openjdk/jre/bin/java
5557d2a85000-5557d2a86000 r--p 00002000 08:02 663478                     /usr/lib/jvm/java-8-openjdk/jre/bin/java
5557d2a86000-5557d2a87000 r--p 00002000 08:02 663478                     /usr/lib/jvm/java-8-openjdk/jre/bin/java
5557d2a87000-5557d2a88000 rw-p 00003000 08:02 663478                     /usr/lib/jvm/java-8-openjdk/jre/bin/java
5557d4831000-5557d4852000 rw-p 00000000 00:00 0                          [heap]
7f8df25ff000-7f8df27ff000 rw-s 108763000 00:06 18510                     /dev/dri/renderD128
7f8df27ff000-7f8df4000000 rw-p 00000000 00:00 0 
7f8df4000000-7f8df4021000 rw-p 00000000 00:00 0 
7f8df4021000-7f8df8000000 ---p 00000000 00:00 0 
7f8df8000000-7f8df8021000 rw-p 00000000 00:00 0 
7f8df8021000-7f8dfc000000 ---p 00000000 00:00 0 
7f8dfc000000-7f8dfc021000 rw-p 00000000 00:00 0 
7f8dfc021000-7f8e00000000 ---p 00000000 00:00 0 
7f8e00000000-7f8e00352000 rw-p 00000000 00:00 0 
7f8e00352000-7f8e04000000 ---p 00000000 00:00 0 
7f8e04000000-7f8e04021000 rw-p 00000000 00:00 0 
7f8e04021000-7f8e08000000 ---p 00000000 00:00 0 
7f8e08036000-7f8e08236000 rw-s 108263000 00:06 18510                     /dev/dri/renderD128
7f8e08236000-7f8e082b6000 rw-s 111d87000 00:06 18510                     /dev/dri/renderD128
7f8e082f3000-7f8e08373000 rw-s 1032a6000 00:06 18510                     /dev/dri/renderD128
7f8e08373000-7f8e08573000 rw-s 108f83000 00:06 18510                     /dev/dri/renderD128
7f8e085e3000-7f8e087a3000 rw-p 00000000 00:00 0 
7f8e087a3000-7f8e087e3000 ---p 00000000 00:00 0 
7f8e087e3000-7f8e08be3000 rw-s 10ab58000 00:06 18510                     /dev/dri/renderD128
7f8e08bf2000-7f8e08df2000 rw-s 105ee5000 00:06 18510                     /dev/dri/renderD128
7f8e08df2000-7f8e097f2000 rwxp 00000000 00:00 0 
7f8e097f2000-7f8e099f2000 rw-p 00000000 00:00 0 
7f8e099f2000-7f8e09a66000 rw-p 00000000 00:00 0 
7f8e09a73000-7f8e09af3000 rw-s 10ddd7000 00:06 18510                     /dev/dri/renderD128
7f8e09af3000-7f8e09b6d000 r--p 00000000 08:02 1062979                    /usr/share/fonts/noto/NotoSansMono-Regular.ttf
7f8e09b6d000-7f8e09d6d000 rw-p 00000000 00:00 0 
7f8e09d6d000-7f8e09d70000 ---p 00000000 00:00 0 
7f8e09d70000-7f8e0a06e000 rw-p 00000000 00:00 0 
7f8e0a06e000-7f8e0a124000 r--s 00000000 08:02 534819                     /var/cache/fontconfig/f87dae41-f374-425b-b961-a319a7167b29-le64.cache-7
7f8e0a124000-7f8e0a129000 r-xp 00000000 08:02 655963                     /usr/lib/jvm/java-8-openjdk/jre/lib/amd64/libjavafx_font_freetype.so
7f8e0a129000-7f8e0a328000 ---p 00005000 08:02 655963                     /usr/lib/jvm/java-8-openjdk/jre/lib/amd64/libjavafx_font_freetype.so
7f8e0a328000-7f8e0a329000 r--p 00004000 08:02 655963                     /usr/lib/jvm/java-8-openjdk/jre/lib/amd64/libjavafx_font_freetype.so
7f8e0a329000-7f8e0a32a000 rw-p 00005000 08:02 655963                     /usr/lib/jvm/java-8-openjdk/jre/lib/amd64/libjavafx_font_freetype.so
7f8e0a32a000-7f8e0a52a000 rw-p 00000000 00:00 0 
7f8e0a52a000-7f8e0a52d000 r-xp 00000000 08:02 655953                     /usr/lib/jvm/java-8-openjdk/jre/lib/amd64/libjavafx_font.so
7f8e0a52d000-7f8e0a72c000 ---p 00003000 08:02 655953                     /usr/lib/jvm/java-8-openjdk/jre/lib/amd64/libjavafx_font.so
7f8e0a72c000-7f8e0a72d000 r--p 00002000 08:02 655953                     /usr/lib/jvm/java-8-openjdk/jre/lib/amd64/libjavafx_font.so
7f8e0a72d000-7f8e0a72e000 rw-p 00003000 08:02 655953                     /usr/lib/jvm/java-8-openjdk/jre/lib/amd64/libjavafx_font.so
7f8e0a72e000-7f8e0a731000 ---p 00000000 00:00 0 
7f8e0a731000-7f8e0a82f000 rw-p 00000000 00:00 0 
7f8e0a82f000-7f8e0a8af000 rw-s 102d67000 00:06 18510                     /dev/dri/renderD128
7f8e0a8af000-7f8e0a8b2000 ---p 00000000 00:00 0 
7f8e0a8b2000-7f8e0a9b0000 rw-p 00000000 00:00 0 
7f8e0a9b0000-7f8e0a9b3000 ---p 00000000 00:00 0 
7f8e0a9b3000-7f8e0aab1000 rw-p 00000000 00:00 0 
7f8e0aab1000-7f8e0aab6000 r-xp 00000000 08:02 293874                     /usr/lib/libogg.so.0.8.3
7f8e0aab6000-7f8e0acb6000 ---p 00005000 08:02 293874                     /usr/lib/libogg.so.0.8.3
7f8e0acb6000-7f8e0acb7000 r--p 00005000 08:02 293874                     /usr/lib/libogg.so.0.8.3
7f8e0acb7000-7f8e0acb8000 rw-p 00006000 08:02 293874                     /usr/lib/libogg.so.0.8.3
7f8e0acb8000-7f8e0ace2000 r-xp 00000000 08:02 293880                     /usr/lib/libvorbis.so.0.4.8
7f8e0ace2000-7f8e0aee2000 ---p 0002a000 08:02 293880                     /usr/lib/libvorbis.so.0.4.8
7f8e0aee2000-7f8e0aee3000 r--p 0002a000 08:02 293880                     /usr/lib/libvorbis.so.0.4.8
7f8e0aee3000-7f8e0aee4000 rw-p 0002b000 08:02 293880                     /usr/lib/libvorbis.so.0.4.8
7f8e0aee4000-7f8e0aeeb000 r-xp 00000000 08:02 293884                     /usr/lib/libvorbisfile.so.3.3.7
7f8e0aeeb000-7f8e0b0eb000 ---p 00007000 08:02 293884                     /usr/lib/libvorbisfile.so.3.3.7
7f8e0b0eb000-7f8e0b0ec000 r--p 00007000 08:02 293884                     /usr/lib/libvorbisfile.so.3.3.7
7f8e0b0ec000-7f8e0b0ed000 rw-p 00008000 08:02 293884                     /usr/lib/libvorbisfile.so.3.3.7
7f8e0b0ed000-7f8e0b127000 r-xp 00000000 08:02 655949                     /usr/lib/gtk-2.0/2.10.0/engines/libmurrine.so
7f8e0b127000-7f8e0b327000 ---p 0003a000 08:02 655949                     /usr/lib/gtk-2.0/2.10.0/engines/libmurrine.so
7f8e0b327000-7f8e0b328000 r--p 0003a000 08:02 655949                     /usr/lib/gtk-2.0/2.10.0/engines/libmurrine.so
7f8e0b328000-7f8e0b329000 rw-p 0003b000 08:02 655949                     /usr/lib/gtk-2.0/2.10.0/engines/libmurrine.so
7f8e0b329000-7f8e0b32a000 ---p 00000000 00:00 0 
7f8e0b32a000-7f8e0bb2a000 rw-p 00000000 00:00 0 
7f8e0bb2a000-7f8e0c33a000 r--p 00000000 08:02 293362                     /usr/lib/libLLVM-8.so
7f8e0c33a000-7f8e0e9ab000 r-xp 00810000 08:02 293362                     /usr/lib/libLLVM-8.so
7f8e0e9ab000-7f8e0fb68000 r--p 02e81000 08:02 293362                     /usr/lib/libLLVM-8.so
7f8e0fb68000-7f8e0ff87000 r--p 0403d000 08:02 293362                     /usr/lib/libLLVM-8.so
7f8e0ff87000-7f8e0ff97000 rw-p 0445c000 08:02 293362                     /usr/lib/libLLVM-8.so
7f8e0ff97000-7f8e10000000 rw-p 00000000 00:00 0 
7f8e10000000-7f8e10345000 rw-p 00000000 00:00 0 
7f8e10345000-7f8e14000000 ---p 00000000 00:00 0 
7f8e14002000-7f8e14007000 r--p 00000000 08:02 663515                     /usr/lib/jvm/java-8-openjdk/jre/lib/amd64/libnet.so
7f8e14007000-7f8e14016000 r-xp 00005000 08:02 663515                     /usr/lib/jvm/java-8-openjdk/jre/lib/amd64/libnet.so
7f8e14016000-7f8e1401a000 r--p 00014000 08:02 663515                     /usr/lib/jvm/java-8-openjdk/jre/lib/amd64/libnet.so
7f8e1401a000-7f8e1401b000 r--p 00017000 08:02 663515                     /usr/lib/jvm/java-8-openjdk/jre/lib/amd64/libnet.so
7f8e1401b000-7f8e1401c000 rw-p 00018000 08:02 663515                     /usr/lib/jvm/java-8-openjdk/jre/lib/amd64/libnet.so
7f8e1402a000-7f8e1402b000 r--p 00000000 08:02 265534                     /usr/lib/libcrypt-2.29.so
7f8e1402b000-7f8e14031000 r-xp 00001000 08:02 265534                     /usr/lib/libcrypt-2.29.so
7f8e14031000-7f8e14033000 r--p 00007000 08:02 265534                     /usr/lib/libcrypt-2.29.so
7f8e14033000-7f8e14034000 ---p 00009000 08:02 265534                     /usr/lib/libcrypt-2.29.so
7f8e14034000-7f8e14035000 r--p 00009000 08:02 265534                     /usr/lib/libcrypt-2.29.so
7f8e14035000-7f8e14036000 rw-p 0000a000 08:02 265534                     /usr/lib/libcrypt-2.29.so
7f8e14036000-7f8e14064000 rw-p 00000000 00:00 0 
7f8e14064000-7f8e14066000 r--p 00000000 08:02 288294                     /usr/lib/libltdl.so.7.3.1
7f8e14066000-7f8e1406b000 r-xp 00002000 08:02 288294                     /usr/lib/libltdl.so.7.3.1
7f8e1406b000-7f8e1406d000 r--p 00007000 08:02 288294                     /usr/lib/libltdl.so.7.3.1
7f8e1406d000-7f8e1406e000 ---p 00009000 08:02 288294                     /usr/lib/libltdl.so.7.3.1
7f8e1406e000-7f8e1406f000 r--p 00009000 08:02 288294                     /usr/lib/libltdl.so.7.3.1
7f8e1406f000-7f8e14070000 rw-p 0000a000 08:02 288294                     /usr/lib/libltdl.so.7.3.1
7f8e14070000-7f8e14074000 r--p 00000000 08:02 293904                     /usr/lib/libtdb.so.1.3.18
7f8e14074000-7f8e14081000 r-xp 00004000 08:02 293904                     /usr/lib/libtdb.so.1.3.18
7f8e14081000-7f8e14087000 r--p 00011000 08:02 293904                     /usr/lib/libtdb.so.1.3.18
7f8e14087000-7f8e14088000 r--p 00016000 08:02 293904                     /usr/lib/libtdb.so.1.3.18
7f8e14088000-7f8e14089000 rw-p 00017000 08:02 293904                     /usr/lib/libtdb.so.1.3.18
7f8e14089000-7f8e1409c000 r--s 00346000 08:02 663541                     /usr/lib/jvm/java-8-openjdk/jre/lib/resources.jar
7f8e1409c000-7f8e140aa000 r--s 00000000 08:02 534818                     /var/cache/fontconfig/011a50c9-5706-4ca6-8f05-3eb56a0d935a-le64.cache-7
7f8e140aa000-7f8e140b7000 r--s 00000000 08:02 534816                     /var/cache/fontconfig/8bbffed5-25a5-41b6-923e-b62609f5a35d-le64.cache-7
7f8e140b7000-7f8e140b9000 r-xp 00000000 08:02 660499                     /usr/lib/gtk-2.0/2.10.0/engines/libadwaita.so
7f8e140b9000-7f8e142b8000 ---p 00002000 08:02 660499                     /usr/lib/gtk-2.0/2.10.0/engines/libadwaita.so
7f8e142b8000-7f8e142b9000 r--p 00001000 08:02 660499                     /usr/lib/gtk-2.0/2.10.0/engines/libadwaita.so
7f8e142b9000-7f8e142ba000 rw-p 00002000 08:02 660499                     /usr/lib/gtk-2.0/2.10.0/engines/libadwaita.so
7f8e142ba000-7f8e142c3000 r-xp 00000000 08:02 663658                     /usr/lib/gtk-2.0/2.10.0/engines/libpixmap.so
7f8e142c3000-7f8e144c3000 ---p 00009000 08:02 663658                     /usr/lib/gtk-2.0/2.10.0/engines/libpixmap.so
7f8e144c3000-7f8e144c4000 r--p 00009000 08:02 663658                     /usr/lib/gtk-2.0/2.10.0/engines/libpixmap.so
7f8e144c4000-7f8e144c5000 rw-p 0000a000 08:02 663658                     /usr/lib/gtk-2.0/2.10.0/engines/libpixmap.so
7f8e144c5000-7f8e144ee000 r-xp 00000000 08:02 655962                     /usr/lib/jvm/java-8-openjdk/jre/lib/amd64/libglass.so
7f8e144ee000-7f8e146ee000 ---p 00029000 08:02 655962                     /usr/lib/jvm/java-8-openjdk/jre/lib/amd64/libglass.so
7f8e146ee000-7f8e146ef000 r--p 00029000 08:02 655962                     /usr/lib/jvm/java-8-openjdk/jre/lib/amd64/libglass.so
7f8e146ef000-7f8e146f0000 rw-p 0002a000 08:02 655962                     /usr/lib/jvm/java-8-openjdk/jre/lib/amd64/libglass.so
7f8e146f0000-7f8e146f1000 rw-p 00000000 00:00 0 
7f8e146f1000-7f8e14771000 rw-s 104467000 00:06 18510                     /dev/dri/renderD128
7f8e14771000-7f8e148b2000 rw-s 00000000 08:04 7340058                    /home/loreloc/.cache/mesa_shader_cache/index
7f8e148b2000-7f8e162f5000 r--p 00000000 08:02 279154                     /usr/lib/libicudata.so.64.2
7f8e162f5000-7f8e162f6000 r--p 01a42000 08:02 279154                     /usr/lib/libicudata.so.64.2
7f8e162f6000-7f8e1631b000 r-xp 00000000 08:02 275431                     /usr/lib/liblzma.so.5.2.4
7f8e1631b000-7f8e1651a000 ---p 00025000 08:02 275431                     /usr/lib/liblzma.so.5.2.4
7f8e1651a000-7f8e1651b000 r--p 00024000 08:02 275431                     /usr/lib/liblzma.so.5.2.4
7f8e1651b000-7f8e1651c000 rw-p 00025000 08:02 275431                     /usr/lib/liblzma.so.5.2.4
7f8e1651c000-7f8e1657e000 r--p 00000000 08:02 279171                     /usr/lib/libicuuc.so.64.2
7f8e1657e000-7f8e1665b000 r-xp 00062000 08:02 279171                     /usr/lib/libicuuc.so.64.2
7f8e1665b000-7f8e166de000 r--p 0013f000 08:02 279171                     /usr/lib/libicuuc.so.64.2
7f8e166de000-7f8e166df000 ---p 001c2000 08:02 279171                     /usr/lib/libicuuc.so.64.2
7f8e166df000-7f8e166f1000 r--p 001c2000 08:02 279171                     /usr/lib/libicuuc.so.64.2
7f8e166f1000-7f8e166f2000 rw-p 001d4000 08:02 279171                     /usr/lib/libicuuc.so.64.2
7f8e166f2000-7f8e166f4000 rw-p 00000000 00:00 0 
7f8e166f4000-7f8e16722000 r--p 00000000 08:02 279195                     /usr/lib/libxml2.so.2.9.9
7f8e16722000-7f8e16806000 r-xp 0002e000 08:02 279195                     /usr/lib/libxml2.so.2.9.9
7f8e16806000-7f8e1684f000 r--p 00112000 08:02 279195                     /usr/lib/libxml2.so.2.9.9
7f8e1684f000-7f8e16850000 ---p 0015b000 08:02 279195                     /usr/lib/libxml2.so.2.9.9
7f8e16850000-7f8e16859000 r--p 0015b000 08:02 279195                     /usr/lib/libxml2.so.2.9.9
7f8e16859000-7f8e1685a000 rw-p 00164000 08:02 279195                     /usr/lib/libxml2.so.2.9.9
7f8e1685a000-7f8e1685c000 rw-p 00000000 00:00 0 
7f8e1685c000-7f8e16873000 r--p 00000000 08:02 266411                     /usr/lib/libncursesw.so.6.1
7f8e16873000-7f8e168ae000 r-xp 00017000 08:02 266411                     /usr/lib/libncursesw.so.6.1
7f8e168ae000-7f8e168c5000 r--p 00052000 08:02 266411                     /usr/lib/libncursesw.so.6.1
7f8e168c5000-7f8e168ca000 r--p 00068000 08:02 266411                     /usr/lib/libncursesw.so.6.1
7f8e168ca000-7f8e168cb000 rw-p 0006d000 08:02 266411                     /usr/lib/libncursesw.so.6.1
7f8e168cb000-7f8e168d4000 r--p 00000000 08:02 293315                     /usr/lib/libedit.so.0.0.60
7f8e168d4000-7f8e168f0000 r-xp 00009000 08:02 293315                     /usr/lib/libedit.so.0.0.60
7f8e168f0000-7f8e168fe000 r--p 00025000 08:02 293315                     /usr/lib/libedit.so.0.0.60
7f8e168fe000-7f8e168ff000 ---p 00033000 08:02 293315                     /usr/lib/libedit.so.0.0.60
7f8e168ff000-7f8e16901000 r--p 00033000 08:02 293315                     /usr/lib/libedit.so.0.0.60
7f8e16901000-7f8e16902000 rw-p 00035000 08:02 293315                     /usr/lib/libedit.so.0.0.60
7f8e16902000-7f8e16905000 rw-p 00000000 00:00 0 
7f8e16905000-7f8e16907000 r--p 00000000 08:02 293145                     /usr/lib/libdrm_nouveau.so.2.0.0
7f8e16907000-7f8e1690b000 r-xp 00002000 08:02 293145                     /usr/lib/libdrm_nouveau.so.2.0.0
7f8e1690b000-7f8e1690d000 r--p 00006000 08:02 293145                     /usr/lib/libdrm_nouveau.so.2.0.0
7f8e1690d000-7f8e1690e000 r--p 00007000 08:02 293145                     /usr/lib/libdrm_nouveau.so.2.0.0
7f8e1690e000-7f8e1690f000 rw-p 00008000 08:02 293145                     /usr/lib/libdrm_nouveau.so.2.0.0
7f8e1690f000-7f8e16912000 r--p 00000000 08:02 293137                     /usr/lib/libdrm_amdgpu.so.1.0.0
7f8e16912000-7f8e16917000 r-xp 00003000 08:02 293137                     /usr/lib/libdrm_amdgpu.so.1.0.0
7f8e16917000-7f8e16919000 r--p 00008000 08:02 293137                     /usr/lib/libdrm_amdgpu.so.1.0.0
7f8e16919000-7f8e1691a000 r--p 00009000 08:02 293137                     /usr/lib/libdrm_amdgpu.so.1.0.0
7f8e1691a000-7f8e1691b000 rw-p 0000a000 08:02 293137                     /usr/lib/libdrm_amdgpu.so.1.0.0
7f8e1691b000-7f8e1691e000 r--p 00000000 08:02 277047                     /usr/lib/libelf-0.176.so
7f8e1691e000-7f8e1692e000 r-xp 00003000 08:02 277047                     /usr/lib/libelf-0.176.so
7f8e1692e000-7f8e16933000 r--p 00013000 08:02 277047                     /usr/lib/libelf-0.176.so
7f8e16933000-7f8e16934000 r--p 00017000 08:02 277047                     /usr/lib/libelf-0.176.so
7f8e16934000-7f8e16935000 rw-p 00018000 08:02 277047                     /usr/lib/libelf-0.176.so
7f8e16935000-7f8e16937000 r--p 00000000 08:02 293148                     /usr/lib/libdrm_radeon.so.1.0.1
7f8e16937000-7f8e1693f000 r-xp 00002000 08:02 293148                     /usr/lib/libdrm_radeon.so.1.0.1
7f8e1693f000-7f8e16941000 r--p 0000a000 08:02 293148                     /usr/lib/libdrm_radeon.so.1.0.1
7f8e16941000-7f8e16942000 r--p 0000b000 08:02 293148                     /usr/lib/libdrm_radeon.so.1.0.1
7f8e16942000-7f8e16943000 rw-p 0000c000 08:02 293148                     /usr/lib/libdrm_radeon.so.1.0.1
7f8e16943000-7f8e16946000 r--p 00000000 08:02 293379                     /usr/lib/libsensors.so.5.0.0
7f8e16946000-7f8e1694d000 r-xp 00003000 08:02 293379                     /usr/lib/libsensors.so.5.0.0
7f8e1694d000-7f8e16952000 r--p 0000a000 08:02 293379                     /usr/lib/libsensors.so.5.0.0
7f8e16952000-7f8e16953000 ---p 0000f000 08:02 293379                     /usr/lib/libsensors.so.5.0.0
7f8e16953000-7f8e16954000 r--p 0000f000 08:02 293379                     /usr/lib/libsensors.so.5.0.0
7f8e16954000-7f8e16955000 rw-p 00010000 08:02 293379                     /usr/lib/libsensors.so.5.0.0
7f8e16955000-7f8e169dc000 r--p 00000000 08:02 413126                     /usr/lib/dri/nouveau_dri.so
7f8e169dc000-7f8e17240000 r-xp 00087000 08:02 413126                     /usr/lib/dri/nouveau_dri.so
7f8e17240000-7f8e174ee000 r--p 008eb000 08:02 413126                     /usr/lib/dri/nouveau_dri.so
7f8e174ee000-7f8e174ef000 ---p 00b99000 08:02 413126                     /usr/lib/dri/nouveau_dri.so
7f8e174ef000-7f8e1755c000 r--p 00b99000 08:02 413126                     /usr/lib/dri/nouveau_dri.so
7f8e1755c000-7f8e17564000 rw-p 00c06000 08:02 413126                     /usr/lib/dri/nouveau_dri.so
7f8e17564000-7f8e1775e000 rw-p 00000000 00:00 0 
7f8e1775e000-7f8e1775f000 r-xp 00000000 08:02 293192                     /usr/lib/libxshmfence.so.1.0.0
7f8e1775f000-7f8e1795e000 ---p 00001000 08:02 293192                     /usr/lib/libxshmfence.so.1.0.0
7f8e1795e000-7f8e1795f000 r--p 00000000 08:02 293192                     /usr/lib/libxshmfence.so.1.0.0
7f8e1795f000-7f8e17960000 rw-p 00001000 08:02 293192                     /usr/lib/libxshmfence.so.1.0.0
7f8e17960000-7f8e17963000 r--p 00000000 08:02 288832                     /usr/lib/libxcb-sync.so.1.0.0
7f8e17963000-7f8e17966000 r-xp 00003000 08:02 288832                     /usr/lib/libxcb-sync.so.1.0.0
7f8e17966000-7f8e17967000 r--p 00006000 08:02 288832                     /usr/lib/libxcb-sync.so.1.0.0
7f8e17967000-7f8e17968000 ---p 00007000 08:02 288832                     /usr/lib/libxcb-sync.so.1.0.0
7f8e17968000-7f8e17969000 r--p 00007000 08:02 288832                     /usr/lib/libxcb-sync.so.1.0.0
7f8e17969000-7f8e1796a000 rw-p 00008000 08:02 288832                     /usr/lib/libxcb-sync.so.1.0.0
7f8e1796a000-7f8e1796b000 r--p 00000000 08:02 288808                     /usr/lib/libxcb-present.so.0.0.0
7f8e1796b000-7f8e1796c000 r-xp 00001000 08:02 288808                     /usr/lib/libxcb-present.so.0.0.0
7f8e1796c000-7f8e1796d000 r--p 00002000 08:02 288808                     /usr/lib/libxcb-present.so.0.0.0
7f8e1796d000-7f8e1796e000 r--p 00002000 08:02 288808                     /usr/lib/libxcb-present.so.0.0.0
7f8e1796e000-7f8e1796f000 rw-p 00003000 08:02 288808                     /usr/lib/libxcb-present.so.0.0.0
7f8e1796f000-7f8e17971000 r--p 00000000 08:02 288802                     /usr/lib/libxcb-dri3.so.0.0.0
7f8e17971000-7f8e17972000 r-xp 00002000 08:02 288802                     /usr/lib/libxcb-dri3.so.0.0.0
7f8e17972000-7f8e17973000 r--p 00003000 08:02 288802                     /usr/lib/libxcb-dri3.so.0.0.0
7f8e17973000-7f8e17974000 r--p 00003000 08:02 288802                     /usr/lib/libxcb-dri3.so.0.0.0
7f8e17974000-7f8e17975000 rw-p 00004000 08:02 288802                     /usr/lib/libxcb-dri3.so.0.0.0
7f8e17975000-7f8e17977000 r--p 00000000 08:02 288799                     /usr/lib/libxcb-dri2.so.0.0.0
7f8e17977000-7f8e17979000 r-xp 00002000 08:02 288799                     /usr/lib/libxcb-dri2.so.0.0.0
7f8e17979000-7f8e1797a000 r--p 00004000 08:02 288799                     /usr/lib/libxcb-dri2.so.0.0.0
7f8e1797a000-7f8e1797b000 r--p 00004000 08:02 288799                     /usr/lib/libxcb-dri2.so.0.0.0
7f8e1797b000-7f8e1797c000 rw-p 00005000 08:02 288799                     /usr/lib/libxcb-dri2.so.0.0.0
7f8e1797c000-7f8e1797d000 r--p 00000000 08:02 291158                     /usr/lib/libX11-xcb.so.1.0.0
7f8e1797d000-7f8e1797e000 r-xp 00001000 08:02 291158                     /usr/lib/libX11-xcb.so.1.0.0
7f8e1797e000-7f8e1797f000 r--p 00002000 08:02 291158                     /usr/lib/libX11-xcb.so.1.0.0
7f8e1797f000-7f8e17980000 r--p 00002000 08:02 291158                     /usr/lib/libX11-xcb.so.1.0.0
7f8e17980000-7f8e17981000 rw-p 00003000 08:02 291158                     /usr/lib/libX11-xcb.so.1.0.0
7f8e17981000-7f8e1798d000 r--p 00000000 08:02 288805                     /usr/lib/libxcb-glx.so.0.0.0
7f8e1798d000-7f8e17996000 r-xp 0000c000 08:02 288805                     /usr/lib/libxcb-glx.so.0.0.0
7f8e17996000-7f8e1799b000 r--p 00015000 08:02 288805                     /usr/lib/libxcb-glx.so.0.0.0
7f8e1799b000-7f8e1799c000 ---p 0001a000 08:02 288805                     /usr/lib/libxcb-glx.so.0.0.0
7f8e1799c000-7f8e1799e000 r--p 0001a000 08:02 288805                     /usr/lib/libxcb-glx.so.0.0.0
7f8e1799e000-7f8e1799f000 rw-p 0001c000 08:02 288805                     /usr/lib/libxcb-glx.so.0.0.0
7f8e1799f000-7f8e179a3000 r--p 00000000 08:02 293133                     /usr/lib/libdrm.so.2.4.0
7f8e179a3000-7f8e179ad000 r-xp 00004000 08:02 293133                     /usr/lib/libdrm.so.2.4.0
7f8e179ad000-7f8e179b0000 r--p 0000e000 08:02 293133                     /usr/lib/libdrm.so.2.4.0
7f8e179b0000-7f8e179b1000 ---p 00011000 08:02 293133                     /usr/lib/libdrm.so.2.4.0
7f8e179b1000-7f8e179b2000 r--p 00011000 08:02 293133                     /usr/lib/libdrm.so.2.4.0
7f8e179b2000-7f8e179b3000 rw-p 00012000 08:02 293133                     /usr/lib/libdrm.so.2.4.0
7f8e179b3000-7f8e179be000 r--p 00000000 08:02 293474                     /usr/lib/libglapi.so.0.0.0
7f8e179be000-7f8e179ca000 r-xp 0000b000 08:02 293474                     /usr/lib/libglapi.so.0.0.0
7f8e179ca000-7f8e179e0000 r--p 00017000 08:02 293474                     /usr/lib/libglapi.so.0.0.0
7f8e179e0000-7f8e179e4000 r--p 0002c000 08:02 293474                     /usr/lib/libglapi.so.0.0.0
7f8e179e4000-7f8e179e5000 rw-p 00030000 08:02 293474                     /usr/lib/libglapi.so.0.0.0
7f8e179e5000-7f8e179e6000 rw-p 00000000 00:00 0 
7f8e179e6000-7f8e179ff000 r--p 00000000 08:02 293460                     /usr/lib/libGLX_mesa.so.0.0.0
7f8e179ff000-7f8e17a42000 r-xp 00019000 08:02 293460                     /usr/lib/libGLX_mesa.so.0.0.0
7f8e17a42000-7f8e17a5a000 r--p 0005c000 08:02 293460                     /usr/lib/libGLX_mesa.so.0.0.0
7f8e17a5a000-7f8e17a5d000 r--p 00073000 08:02 293460                     /usr/lib/libGLX_mesa.so.0.0.0
7f8e17a5d000-7f8e17a5e000 rw-p 00076000 08:02 293460                     /usr/lib/libGLX_mesa.so.0.0.0
7f8e17a5e000-7f8e17a64000 r-xp 00000000 08:02 292809                     /usr/lib/libdatrie.so.1.3.5
7f8e17a64000-7f8e17c63000 ---p 00006000 08:02 292809                     /usr/lib/libdatrie.so.1.3.5
7f8e17c63000-7f8e17c64000 r--p 00005000 08:02 292809                     /usr/lib/libdatrie.so.1.3.5
7f8e17c64000-7f8e17c65000 rw-p 00006000 08:02 292809                     /usr/lib/libdatrie.so.1.3.5
7f8e17c65000-7f8e17c68000 r--p 00000000 08:02 292057                     /usr/lib/libgraphite2.so.3.2.1
7f8e17c68000-7f8e17c82000 r-xp 00003000 08:02 292057                     /usr/lib/libgraphite2.so.3.2.1
7f8e17c82000-7f8e17c87000 r--p 0001d000 08:02 292057                     /usr/lib/libgraphite2.so.3.2.1
7f8e17c87000-7f8e17c89000 r--p 00021000 08:02 292057                     /usr/lib/libgraphite2.so.3.2.1
7f8e17c89000-7f8e17c8a000 rw-p 00023000 08:02 292057                     /usr/lib/libgraphite2.so.3.2.1
7f8e17c8a000-7f8e17c94000 r--p 00000000 08:02 275552                     /usr/lib/libblkid.so.1.1.0
7f8e17c94000-7f8e17cc8000 r-xp 0000a000 08:02 275552                     /usr/lib/libblkid.so.1.1.0
7f8e17cc8000-7f8e17cd8000 r--p 0003e000 08:02 275552                     /usr/lib/libblkid.so.1.1.0
7f8e17cd8000-7f8e17cd9000 ---p 0004e000 08:02 275552                     /usr/lib/libblkid.so.1.1.0
7f8e17cd9000-7f8e17cde000 r--p 0004e000 08:02 275552                     /usr/lib/libblkid.so.1.1.0
7f8e17cde000-7f8e17cdf000 rw-p 00053000 08:02 275552                     /usr/lib/libblkid.so.1.1.0
7f8e17cdf000-7f8e17ce1000 r--p 00000000 08:02 288773                     /usr/lib/libXdmcp.so.6.0.0
7f8e17ce1000-7f8e17ce3000 r-xp 00002000 08:02 288773                     /usr/lib/libXdmcp.so.6.0.0
7f8e17ce3000-7f8e17ce5000 r--p 00004000 08:02 288773                     /usr/lib/libXdmcp.so.6.0.0
7f8e17ce5000-7f8e17ce6000 r--p 00005000 08:02 288773                     /usr/lib/libXdmcp.so.6.0.0
7f8e17ce6000-7f8e17ce7000 rw-p 00006000 08:02 288773                     /usr/lib/libXdmcp.so.6.0.0
7f8e17ce7000-7f8e17d27000 r--p 00000000 08:02 293416                     /usr/lib/libGLdispatch.so.0.0.0
7f8e17d27000-7f8e17d45000 r-xp 00040000 08:02 293416                     /usr/lib/libGLdispatch.so.0.0.0
7f8e17d45000-7f8e17d58000 r--p 0005e000 08:02 293416                     /usr/lib/libGLdispatch.so.0.0.0
7f8e17d58000-7f8e17d59000 ---p 00071000 08:02 293416                     /usr/lib/libGLdispatch.so.0.0.0
7f8e17d59000-7f8e17d82000 r--p 00071000 08:02 293416                     /usr/lib/libGLdispatch.so.0.0.0
7f8e17d82000-7f8e17d83000 rw-p 0009a000 08:02 293416                     /usr/lib/libGLdispatch.so.0.0.0
7f8e17d83000-7f8e17da3000 rw-p 00000000 00:00 0 
7f8e17da3000-7f8e17da6000 r--p 00000000 08:02 293413                     /usr/lib/libGLX.so.0.0.0
7f8e17da6000-7f8e17db0000 r-xp 00003000 08:02 293413                     /usr/lib/libGLX.so.0.0.0
7f8e17db0000-7f8e17db3000 r--p 0000d000 08:02 293413                     /usr/lib/libGLX.so.0.0.0
7f8e17db3000-7f8e17db4000 ---p 00010000 08:02 293413                     /usr/lib/libGLX.so.0.0.0
7f8e17db4000-7f8e17db5000 r--p 00010000 08:02 293413                     /usr/lib/libGLX.so.0.0.0
7f8e17db5000-7f8e17db6000 rw-p 00011000 08:02 293413                     /usr/lib/libGLX.so.0.0.0
7f8e17db6000-7f8e17dd6000 rw-p 00000000 00:00 0 
7f8e17dd6000-7f8e17dd8000 r--p 00000000 08:02 278902                     /usr/lib/libpcre.so.1.2.11
7f8e17dd8000-7f8e17e29000 r-xp 00002000 08:02 278902                     /usr/lib/libpcre.so.1.2.11
7f8e17e29000-7f8e17e47000 r--p 00053000 08:02 278902                     /usr/lib/libpcre.so.1.2.11
7f8e17e47000-7f8e17e48000 r--p 00070000 08:02 278902                     /usr/lib/libpcre.so.1.2.11
7f8e17e48000-7f8e17e49000 rw-p 00071000 08:02 278902                     /usr/lib/libpcre.so.1.2.11
7f8e17e49000-7f8e17e4b000 r--p 00000000 08:02 269316                     /usr/lib/libbz2.so.1.0.6
7f8e17e4b000-7f8e17e58000 r-xp 00002000 08:02 269316                     /usr/lib/libbz2.so.1.0.6
7f8e17e58000-7f8e17e5a000 r--p 0000f000 08:02 269316                     /usr/lib/libbz2.so.1.0.6
7f8e17e5a000-7f8e17e5b000 r--p 00010000 08:02 269316                     /usr/lib/libbz2.so.1.0.6
7f8e17e5b000-7f8e17e5c000 rw-p 00011000 08:02 269316                     /usr/lib/libbz2.so.1.0.6
7f8e17e5c000-7f8e17e5e000 r--p 00000000 08:02 275564                     /usr/lib/libuuid.so.1.3.0
7f8e17e5e000-7f8e17e62000 r-xp 00002000 08:02 275564                     /usr/lib/libuuid.so.1.3.0
7f8e17e62000-7f8e17e63000 r--p 00006000 08:02 275564                     /usr/lib/libuuid.so.1.3.0
7f8e17e63000-7f8e17e64000 r--p 00006000 08:02 275564                     /usr/lib/libuuid.so.1.3.0
7f8e17e64000-7f8e17e65000 rw-p 00007000 08:02 275564                     /usr/lib/libuuid.so.1.3.0
7f8e17e65000-7f8e17e69000 r--p 00000000 08:02 275627                     /usr/lib/libexpat.so.1.6.8
7f8e17e69000-7f8e17e89000 r-xp 00004000 08:02 275627                     /usr/lib/libexpat.so.1.6.8
7f8e17e89000-7f8e17e9d000 r--p 00024000 08:02 275627                     /usr/lib/libexpat.so.1.6.8
7f8e17e9d000-7f8e17e9e000 ---p 00038000 08:02 275627                     /usr/lib/libexpat.so.1.6.8
7f8e17e9e000-7f8e17ea0000 r--p 00038000 08:02 275627                     /usr/lib/libexpat.so.1.6.8
7f8e17ea0000-7f8e17ea1000 rw-p 0003a000 08:02 275627                     /usr/lib/libexpat.so.1.6.8
7f8e17ea1000-7f8e17ea3000 r--p 00000000 08:02 279025                     /usr/lib/libffi.so.6.0.4
7f8e17ea3000-7f8e17ea8000 r-xp 00002000 08:02 279025                     /usr/lib/libffi.so.6.0.4
7f8e17ea8000-7f8e17ea9000 r--p 00007000 08:02 279025                     /usr/lib/libffi.so.6.0.4
7f8e17ea9000-7f8e17eaa000 ---p 00008000 08:02 279025                     /usr/lib/libffi.so.6.0.4
7f8e17eaa000-7f8e17eab000 r--p 00008000 08:02 279025                     /usr/lib/libffi.so.6.0.4
7f8e17eab000-7f8e17eac000 rw-p 00009000 08:02 279025                     /usr/lib/libffi.so.6.0.4
7f8e17eac000-7f8e17eb6000 r--p 00000000 08:02 292074                     /usr/lib/libharfbuzz.so.0.20501.0
7f8e17eb6000-7f8e17f6c000 r-xp 0000a000 08:02 292074                     /usr/lib/libharfbuzz.so.0.20501.0
7f8e17f6c000-7f8e17f9e000 r--p 000c0000 08:02 292074                     /usr/lib/libharfbuzz.so.0.20501.0
7f8e17f9e000-7f8e17f9f000 ---p 000f2000 08:02 292074                     /usr/lib/libharfbuzz.so.0.20501.0
7f8e17f9f000-7f8e17fa0000 r--p 000f2000 08:02 292074                     /usr/lib/libharfbuzz.so.0.20501.0
7f8e17fa0000-7f8e17fa1000 rw-p 000f3000 08:02 292074                     /usr/lib/libharfbuzz.so.0.20501.0
7f8e17fa1000-7f8e17fad000 r--p 00000000 08:02 275558                     /usr/lib/libmount.so.1.1.0
7f8e17fad000-7f8e17fe9000 r-xp 0000c000 08:02 275558                     /usr/lib/libmount.so.1.1.0
7f8e17fe9000-7f8e17ffb000 r--p 00048000 08:02 275558                     /usr/lib/libmount.so.1.1.0
7f8e17ffb000-7f8e17ffc000 ---p 0005a000 08:02 275558                     /usr/lib/libmount.so.1.1.0
7f8e17ffc000-7f8e17fff000 r--p 0005a000 08:02 275558                     /usr/lib/libmount.so.1.1.0
7f8e17fff000-7f8e18000000 rw-p 0005d000 08:02 275558                     /usr/lib/libmount.so.1.1.0
7f8e18000000-7f8e18021000 rw-p 00000000 00:00 0 
7f8e18021000-7f8e1c000000 ---p 00000000 00:00 0 
7f8e1c000000-7f8e1c021000 rw-p 00000000 00:00 0 
7f8e1c021000-7f8e20000000 ---p 00000000 00:00 0 
7f8e20000000-7f8e2194f000 rw-p 00000000 00:00 0 
7f8e2194f000-7f8e24000000 ---p 00000000 00:00 0 
7f8e24000000-7f8e2481a000 rw-p 00000000 00:00 0 
7f8e2481a000-7f8e28000000 ---p 00000000 00:00 0 
7f8e28000000-7f8e28021000 rw-p 00000000 00:00 0 
7f8e28021000-7f8e2c000000 ---p 00000000 00:00 0 
7f8e2c000000-7f8e2d8e1000 rw-p 00000000 00:00 0 
7f8e2d8e1000-7f8e30000000 ---p 00000000 00:00 0 
7f8e30000000-7f8e30021000 rw-p 00000000 00:00 0 
7f8e30021000-7f8e34000000 ---p 00000000 00:00 0 
7f8e34000000-7f8e34021000 rw-p 00000000 00:00 0 
7f8e34021000-7f8e38000000 ---p 00000000 00:00 0 
7f8e38000000-7f8e38021000 rw-p 00000000 00:00 0 
7f8e38021000-7f8e3c000000 ---p 00000000 00:00 0 
7f8e3c000000-7f8e3c021000 rw-p 00000000 00:00 0 
7f8e3c021000-7f8e40000000 ---p 00000000 00:00 0 
7f8e40000000-7f8e40021000 rw-p 00000000 00:00 0 
7f8e40021000-7f8e44000000 ---p 00000000 00:00 0 
7f8e44000000-7f8e44001000 r--p 00000000 08:02 288777                     /usr/lib/libXau.so.6.0.0
7f8e44001000-7f8e44002000 r-xp 00001000 08:02 288777                     /usr/lib/libXau.so.6.0.0
7f8e44002000-7f8e44003000 r--p 00002000 08:02 288777                     /usr/lib/libXau.so.6.0.0
7f8e44003000-7f8e44004000 r--p 00002000 08:02 288777                     /usr/lib/libXau.so.6.0.0
7f8e44004000-7f8e44005000 rw-p 00003000 08:02 288777                     /usr/lib/libXau.so.6.0.0
7f8e44005000-7f8e44007000 r--p 00000000 08:02 292815                     /usr/lib/libthai.so.0.3.1
7f8e44007000-7f8e4400b000 r-xp 00002000 08:02 292815                     /usr/lib/libthai.so.0.3.1
7f8e4400b000-7f8e4400e000 r--p 00006000 08:02 292815                     /usr/lib/libthai.so.0.3.1
7f8e4400e000-7f8e4400f000 r--p 00008000 08:02 292815                     /usr/lib/libthai.so.0.3.1
7f8e4400f000-7f8e44010000 rw-p 00009000 08:02 292815                     /usr/lib/libthai.so.0.3.1
7f8e44010000-7f8e44014000 r--p 00000000 08:02 265577                     /usr/lib/libresolv-2.29.so
7f8e44014000-7f8e44020000 r-xp 00004000 08:02 265577                     /usr/lib/libresolv-2.29.so
7f8e44020000-7f8e44024000 r--p 00010000 08:02 265577                     /usr/lib/libresolv-2.29.so
7f8e44024000-7f8e44025000 ---p 00014000 08:02 265577                     /usr/lib/libresolv-2.29.so
7f8e44025000-7f8e44026000 r--p 00014000 08:02 265577                     /usr/lib/libresolv-2.29.so
7f8e44026000-7f8e44027000 rw-p 00015000 08:02 265577                     /usr/lib/libresolv-2.29.so
7f8e44027000-7f8e44029000 rw-p 00000000 00:00 0 
7f8e44029000-7f8e4402f000 r--p 00000000 08:02 288817                     /usr/lib/libxcb-render.so.0.0.0
7f8e4402f000-7f8e44034000 r-xp 00006000 08:02 288817                     /usr/lib/libxcb-render.so.0.0.0
7f8e44034000-7f8e44036000 r--p 0000b000 08:02 288817                     /usr/lib/libxcb-render.so.0.0.0
7f8e44036000-7f8e44037000 ---p 0000d000 08:02 288817                     /usr/lib/libxcb-render.so.0.0.0
7f8e44037000-7f8e44038000 r--p 0000d000 08:02 288817                     /usr/lib/libxcb-render.so.0.0.0
7f8e44038000-7f8e44039000 rw-p 0000e000 08:02 288817                     /usr/lib/libxcb-render.so.0.0.0
7f8e44039000-7f8e44045000 r--p 00000000 08:02 288859                     /usr/lib/libxcb.so.1.1.0
7f8e44045000-7f8e44058000 r-xp 0000c000 08:02 288859                     /usr/lib/libxcb.so.1.1.0
7f8e44058000-7f8e44061000 r--p 0001f000 08:02 288859                     /usr/lib/libxcb.so.1.1.0
7f8e44061000-7f8e44062000 r--p 00027000 08:02 288859                     /usr/lib/libxcb.so.1.1.0
7f8e44062000-7f8e44063000 rw-p 00028000 08:02 288859                     /usr/lib/libxcb.so.1.1.0
7f8e44063000-7f8e44064000 r--p 00000000 08:02 288829                     /usr/lib/libxcb-shm.so.0.0.0
7f8e44064000-7f8e44065000 r-xp 00001000 08:02 288829                     /usr/lib/libxcb-shm.so.0.0.0
7f8e44065000-7f8e44066000 r--p 00002000 08:02 288829                     /usr/lib/libxcb-shm.so.0.0.0
7f8e44066000-7f8e44067000 r--p 00002000 08:02 288829                     /usr/lib/libxcb-shm.so.0.0.0
7f8e44067000-7f8e44068000 rw-p 00003000 08:02 288829                     /usr/lib/libxcb-shm.so.0.0.0
7f8e44068000-7f8e4406e000 r--p 00000000 08:02 288764                     /usr/lib/libpng16.so.16.37.0
7f8e4406e000-7f8e44092000 r-xp 00006000 08:02 288764                     /usr/lib/libpng16.so.16.37.0
7f8e44092000-7f8e4409e000 r--p 0002a000 08:02 288764                     /usr/lib/libpng16.so.16.37.0
7f8e4409e000-7f8e4409f000 r--p 00035000 08:02 288764                     /usr/lib/libpng16.so.16.37.0
7f8e4409f000-7f8e440a0000 rw-p 00036000 08:02 288764                     /usr/lib/libpng16.so.16.37.0
7f8e440a0000-7f8e440ab000 r--p 00000000 08:02 292326                     /usr/lib/libpixman-1.so.0.38.4
7f8e440ab000-7f8e44131000 r-xp 0000b000 08:02 292326                     /usr/lib/libpixman-1.so.0.38.4
7f8e44131000-7f8e44141000 r--p 00091000 08:02 292326                     /usr/lib/libpixman-1.so.0.38.4
7f8e44141000-7f8e44149000 r--p 000a0000 08:02 292326                     /usr/lib/libpixman-1.so.0.38.4
7f8e44149000-7f8e4414a000 rw-p 000a8000 08:02 292326                     /usr/lib/libpixman-1.so.0.38.4
7f8e4414a000-7f8e4414e000 r--p 00000000 08:02 291991                     /usr/lib/libXext.so.6.4.0
7f8e4414e000-7f8e44159000 r-xp 00004000 08:02 291991                     /usr/lib/libXext.so.6.4.0
7f8e44159000-7f8e4415d000 r--p 0000f000 08:02 291991                     /usr/lib/libXext.so.6.4.0
7f8e4415d000-7f8e4415e000 r--p 00012000 08:02 291991                     /usr/lib/libXext.so.6.4.0
7f8e4415e000-7f8e4415f000 rw-p 00013000 08:02 291991                     /usr/lib/libXext.so.6.4.0
7f8e4415f000-7f8e44160000 r--p 00000000 08:02 292803                     /usr/lib/libXdamage.so.1.1.0
7f8e44160000-7f8e44161000 r-xp 00001000 08:02 292803                     /usr/lib/libXdamage.so.1.1.0
7f8e44161000-7f8e44162000 r--p 00002000 08:02 292803                     /usr/lib/libXdamage.so.1.1.0
7f8e44162000-7f8e44163000 r--p 00002000 08:02 292803                     /usr/lib/libXdamage.so.1.1.0
7f8e44163000-7f8e44164000 rw-p 00003000 08:02 292803                     /usr/lib/libXdamage.so.1.1.0
7f8e44164000-7f8e44165000 r--p 00000000 08:02 292787                     /usr/lib/libXcomposite.so.1.0.0
7f8e44165000-7f8e44166000 r-xp 00001000 08:02 292787                     /usr/lib/libXcomposite.so.1.0.0
7f8e44166000-7f8e44167000 r--p 00002000 08:02 292787                     /usr/lib/libXcomposite.so.1.0.0
7f8e44167000-7f8e44168000 r--p 00002000 08:02 292787                     /usr/lib/libXcomposite.so.1.0.0
7f8e44168000-7f8e44169000 rw-p 00003000 08:02 292787                     /usr/lib/libXcomposite.so.1.0.0
7f8e44169000-7f8e4416c000 r--p 00000000 08:02 292370                     /usr/lib/libXcursor.so.1.0.2
7f8e4416c000-7f8e44171000 r-xp 00003000 08:02 292370                     /usr/lib/libXcursor.so.1.0.2
7f8e44171000-7f8e44173000 r--p 00008000 08:02 292370                     /usr/lib/libXcursor.so.1.0.2
7f8e44173000-7f8e44174000 r--p 00009000 08:02 292370                     /usr/lib/libXcursor.so.1.0.2
7f8e44174000-7f8e44175000 rw-p 0000a000 08:02 292370                     /usr/lib/libXcursor.so.1.0.2
7f8e44175000-7f8e44177000 r--p 00000000 08:02 292415                     /usr/lib/libXrandr.so.2.2.0
7f8e44177000-7f8e4417e000 r-xp 00002000 08:02 292415                     /usr/lib/libXrandr.so.2.2.0
7f8e4417e000-7f8e44180000 r--p 00009000 08:02 292415                     /usr/lib/libXrandr.so.2.2.0
7f8e44180000-7f8e44181000 r--p 0000a000 08:02 292415                     /usr/lib/libXrandr.so.2.2.0
7f8e44181000-7f8e44182000 rw-p 0000b000 08:02 292415                     /usr/lib/libXrandr.so.2.2.0
7f8e44182000-7f8e44185000 r--p 00000000 08:02 292434                     /usr/lib/libXi.so.6.1.0
7f8e44185000-7f8e44190000 r-xp 00003000 08:02 292434                     /usr/lib/libXi.so.6.1.0
7f8e44190000-7f8e44193000 r--p 0000e000 08:02 292434                     /usr/lib/libXi.so.6.1.0
7f8e44193000-7f8e44194000 r--p 00010000 08:02 292434                     /usr/lib/libXi.so.6.1.0
7f8e44194000-7f8e44195000 rw-p 00011000 08:02 292434                     /usr/lib/libXi.so.6.1.0
7f8e44195000-7f8e44197000 r-xp 00000000 08:02 292406                     /usr/lib/libXinerama.so.1.0.0
7f8e44197000-7f8e44396000 ---p 00002000 08:02 292406                     /usr/lib/libXinerama.so.1.0.0
7f8e44396000-7f8e44397000 r--p 00001000 08:02 292406                     /usr/lib/libXinerama.so.1.0.0
7f8e44397000-7f8e44398000 rw-p 00002000 08:02 292406                     /usr/lib/libXinerama.so.1.0.0
7f8e44398000-7f8e4439a000 r--p 00000000 08:02 291987                     /usr/lib/libXrender.so.1.3.0
7f8e4439a000-7f8e443a1000 r-xp 00002000 08:02 291987                     /usr/lib/libXrender.so.1.3.0
7f8e443a1000-7f8e443a3000 r--p 00009000 08:02 291987                     /usr/lib/libXrender.so.1.3.0
7f8e443a3000-7f8e443a4000 r--p 0000a000 08:02 291987                     /usr/lib/libXrender.so.1.3.0
7f8e443a4000-7f8e443a5000 rw-p 0000b000 08:02 291987                     /usr/lib/libXrender.so.1.3.0
7f8e443a5000-7f8e443aa000 r-xp 00000000 08:02 292363                     /usr/lib/libXfixes.so.3.1.0
7f8e443aa000-7f8e445a9000 ---p 00005000 08:02 292363                     /usr/lib/libXfixes.so.3.1.0
7f8e445a9000-7f8e445aa000 r--p 00004000 08:02 292363                     /usr/lib/libXfixes.so.3.1.0
7f8e445aa000-7f8e445ab000 rw-p 00005000 08:02 292363                     /usr/lib/libXfixes.so.3.1.0
7f8e445ab000-7f8e445ac000 r--p 00000000 08:02 279064                     /usr/lib/libgmodule-2.0.so.0.6000.3
7f8e445ac000-7f8e445ae000 r-xp 00001000 08:02 279064                     /usr/lib/libgmodule-2.0.so.0.6000.3
7f8e445ae000-7f8e445af000 r--p 00003000 08:02 279064                     /usr/lib/libgmodule-2.0.so.0.6000.3
7f8e445af000-7f8e445b0000 r--p 00003000 08:02 279064                     /usr/lib/libgmodule-2.0.so.0.6000.3
7f8e445b0000-7f8e445b1000 rw-p 00004000 08:02 279064                     /usr/lib/libgmodule-2.0.so.0.6000.3
7f8e445b1000-7f8e445b4000 r--p 00000000 08:02 266319                     /usr/lib/libgcc_s.so.1
7f8e445b4000-7f8e445c5000 r-xp 00003000 08:02 266319                     /usr/lib/libgcc_s.so.1
7f8e445c5000-7f8e445c8000 r--p 00014000 08:02 266319                     /usr/lib/libgcc_s.so.1
7f8e445c8000-7f8e445c9000 ---p 00017000 08:02 266319                     /usr/lib/libgcc_s.so.1
7f8e445c9000-7f8e445ca000 r--p 00017000 08:02 266319                     /usr/lib/libgcc_s.so.1
7f8e445ca000-7f8e445cb000 rw-p 00018000 08:02 266319                     /usr/lib/libgcc_s.so.1
7f8e445cb000-7f8e44655000 r--p 00000000 08:02 266349                     /usr/lib/libstdc++.so.6.0.25
7f8e44655000-7f8e4470d000 r-xp 0008a000 08:02 266349                     /usr/lib/libstdc++.so.6.0.25
7f8e4470d000-7f8e4474a000 r--p 00142000 08:02 266349                     /usr/lib/libstdc++.so.6.0.25
7f8e4474a000-7f8e4474b000 ---p 0017f000 08:02 266349                     /usr/lib/libstdc++.so.6.0.25
7f8e4474b000-7f8e44757000 r--p 0017f000 08:02 266349                     /usr/lib/libstdc++.so.6.0.25
7f8e44757000-7f8e44758000 rw-p 0018b000 08:02 266349                     /usr/lib/libstdc++.so.6.0.25
7f8e44758000-7f8e4475b000 rw-p 00000000 00:00 0 
7f8e4475b000-7f8e4479d000 r--p 00000000 08:02 293404                     /usr/lib/libGL.so.1.7.0
7f8e4479d000-7f8e447bc000 r-xp 00042000 08:02 293404                     /usr/lib/libGL.so.1.7.0
7f8e447bc000-7f8e447d1000 r--p 00061000 08:02 293404                     /usr/lib/libGL.so.1.7.0
7f8e447d1000-7f8e447ec000 r--p 00075000 08:02 293404                     /usr/lib/libGL.so.1.7.0
7f8e447ec000-7f8e447ed000 rw-p 00090000 08:02 293404                     /usr/lib/libGL.so.1.7.0
7f8e447ed000-7f8e447ee000 rw-p 00000000 00:00 0 
7f8e447ee000-7f8e447f2000 r-xp 00000000 08:02 293165                     /usr/lib/libXxf86vm.so.1.0.0
7f8e447f2000-7f8e449f2000 ---p 00004000 08:02 293165                     /usr/lib/libXxf86vm.so.1.0.0
7f8e449f2000-7f8e449f3000 r--p 00004000 08:02 293165                     /usr/lib/libXxf86vm.so.1.0.0
7f8e449f3000-7f8e449f4000 rw-p 00005000 08:02 293165                     /usr/lib/libXxf86vm.so.1.0.0
7f8e449f4000-7f8e44a10000 r--p 00000000 08:02 291161                     /usr/lib/libX11.so.6.3.0
7f8e44a10000-7f8e44a98000 r-xp 0001c000 08:02 291161                     /usr/lib/libX11.so.6.3.0
7f8e44a98000-7f8e44b2c000 r--p 000a4000 08:02 291161                     /usr/lib/libX11.so.6.3.0
7f8e44b2c000-7f8e44b2f000 r--p 00137000 08:02 291161                     /usr/lib/libX11.so.6.3.0
7f8e44b2f000-7f8e44b33000 rw-p 0013a000 08:02 291161                     /usr/lib/libX11.so.6.3.0
7f8e44b33000-7f8e44b35000 r--p 00000000 08:02 292852                     /usr/lib/libXtst.so.6.1.0
7f8e44b35000-7f8e44b38000 r-xp 00002000 08:02 292852                     /usr/lib/libXtst.so.6.1.0
7f8e44b38000-7f8e44b39000 r--p 00005000 08:02 292852                     /usr/lib/libXtst.so.6.1.0
7f8e44b39000-7f8e44b3a000 ---p 00006000 08:02 292852                     /usr/lib/libXtst.so.6.1.0
7f8e44b3a000-7f8e44b3b000 r--p 00006000 08:02 292852                     /usr/lib/libXtst.so.6.1.0
7f8e44b3b000-7f8e44b3c000 rw-p 00007000 08:02 292852                     /usr/lib/libXtst.so.6.1.0
7f8e44b3c000-7f8e44b57000 r--p 00000000 08:02 279058                     /usr/lib/libglib-2.0.so.0.6000.3
7f8e44b57000-7f8e44bdc000 r-xp 0001b000 08:02 279058                     /usr/lib/libglib-2.0.so.0.6000.3
7f8e44bdc000-7f8e44c5e000 r--p 000a0000 08:02 279058                     /usr/lib/libglib-2.0.so.0.6000.3
7f8e44c5e000-7f8e44c5f000 ---p 00122000 08:02 279058                     /usr/lib/libglib-2.0.so.0.6000.3
7f8e44c5f000-7f8e44c60000 r--p 00122000 08:02 279058                     /usr/lib/libglib-2.0.so.0.6000.3
7f8e44c60000-7f8e44c61000 rw-p 00123000 08:02 279058                     /usr/lib/libglib-2.0.so.0.6000.3
7f8e44c61000-7f8e44c62000 rw-p 00000000 00:00 0 
7f8e44c62000-7f8e44c6f000 r--p 00000000 08:02 292079                     /usr/lib/libfreetype.so.6.17.0
7f8e44c6f000-7f8e44cf1000 r-xp 0000d000 08:02 292079                     /usr/lib/libfreetype.so.6.17.0
7f8e44cf1000-7f8e44d28000 r--p 0008f000 08:02 292079                     /usr/lib/libfreetype.so.6.17.0
7f8e44d28000-7f8e44d29000 ---p 000c6000 08:02 292079                     /usr/lib/libfreetype.so.6.17.0
7f8e44d29000-7f8e44d30000 r--p 000c6000 08:02 292079                     /usr/lib/libfreetype.so.6.17.0
7f8e44d30000-7f8e44d31000 rw-p 000cd000 08:02 292079                     /usr/lib/libfreetype.so.6.17.0
7f8e44d31000-7f8e44d39000 r--p 00000000 08:02 292092                     /usr/lib/libfontconfig.so.1.12.0
7f8e44d39000-7f8e44d5d000 r-xp 00008000 08:02 292092                     /usr/lib/libfontconfig.so.1.12.0
7f8e44d5d000-7f8e44d75000 r--p 0002c000 08:02 292092                     /usr/lib/libfontconfig.so.1.12.0
7f8e44d75000-7f8e44d77000 r--p 00043000 08:02 292092                     /usr/lib/libfontconfig.so.1.12.0
7f8e44d77000-7f8e44d78000 rw-p 00045000 08:02 292092                     /usr/lib/libfontconfig.so.1.12.0
7f8e44d78000-7f8e44d93000 r-xp 00000000 08:02 292825                     /usr/lib/libfribidi.so.0.4.0
7f8e44d93000-7f8e44f92000 ---p 0001b000 08:02 292825                     /usr/lib/libfribidi.so.0.4.0
7f8e44f92000-7f8e44f93000 r--p 0001a000 08:02 292825                     /usr/lib/libfribidi.so.0.4.0
7f8e44f93000-7f8e44f94000 rw-p 0001b000 08:02 292825                     /usr/lib/libfribidi.so.0.4.0
7f8e44f94000-7f8e44fa2000 r--p 00000000 08:02 279067                     /usr/lib/libgobject-2.0.so.0.6000.3
7f8e44fa2000-7f8e44fd6000 r-xp 0000e000 08:02 279067                     /usr/lib/libgobject-2.0.so.0.6000.3
7f8e44fd6000-7f8e44fee000 r--p 00042000 08:02 279067                     /usr/lib/libgobject-2.0.so.0.6000.3
7f8e44fee000-7f8e44ff1000 r--p 00059000 08:02 279067                     /usr/lib/libgobject-2.0.so.0.6000.3
7f8e44ff1000-7f8e44ff2000 rw-p 0005c000 08:02 279067                     /usr/lib/libgobject-2.0.so.0.6000.3
7f8e44ff2000-7f8e44fff000 r--p 00000000 08:02 292835                     /usr/lib/libpango-1.0.so.0.4300.0
7f8e44fff000-7f8e45023000 r-xp 0000d000 08:02 292835                     /usr/lib/libpango-1.0.so.0.4300.0
7f8e45023000-7f8e45039000 r--p 00031000 08:02 292835                     /usr/lib/libpango-1.0.so.0.4300.0
7f8e45039000-7f8e4503c000 r--p 00046000 08:02 292835                     /usr/lib/libpango-1.0.so.0.4300.0
7f8e4503c000-7f8e4503d000 rw-p 00049000 08:02 292835                     /usr/lib/libpango-1.0.so.0.4300.0
7f8e4503d000-7f8e45073000 r--p 00000000 08:02 279052                     /usr/lib/libgio-2.0.so.0.6000.3
7f8e45073000-7f8e45171000 r-xp 00036000 08:02 279052                     /usr/lib/libgio-2.0.so.0.6000.3
7f8e45171000-7f8e451ee000 r--p 00134000 08:02 279052                     /usr/lib/libgio-2.0.so.0.6000.3
7f8e451ee000-7f8e451ef000 ---p 001b1000 08:02 279052                     /usr/lib/libgio-2.0.so.0.6000.3
7f8e451ef000-7f8e451f6000 r--p 001b1000 08:02 279052                     /usr/lib/libgio-2.0.so.0.6000.3
7f8e451f6000-7f8e451f7000 rw-p 001b8000 08:02 279052                     /usr/lib/libgio-2.0.so.0.6000.3
7f8e451f7000-7f8e451f9000 rw-p 00000000 00:00 0 
7f8e451f9000-7f8e451ff000 r--p 00000000 08:02 292736                     /usr/lib/libgdk_pixbuf-2.0.so.0.3800.1
7f8e451ff000-7f8e45215000 r-xp 00006000 08:02 292736                     /usr/lib/libgdk_pixbuf-2.0.so.0.3800.1
7f8e45215000-7f8e4521d000 r--p 0001c000 08:02 292736                     /usr/lib/libgdk_pixbuf-2.0.so.0.3800.1
7f8e4521d000-7f8e4521e000 ---p 00024000 08:02 292736                     /usr/lib/libgdk_pixbuf-2.0.so.0.3800.1
7f8e4521e000-7f8e4521f000 r--p 00024000 08:02 292736                     /usr/lib/libgdk_pixbuf-2.0.so.0.3800.1
7f8e4521f000-7f8e45220000 rw-p 00025000 08:02 292736                     /usr/lib/libgdk_pixbuf-2.0.so.0.3800.1
7f8e45220000-7f8e45232000 r--p 00000000 08:02 292348                     /usr/lib/libcairo.so.2.11600.0
7f8e45232000-7f8e45305000 r-xp 00012000 08:02 292348                     /usr/lib/libcairo.so.2.11600.0
7f8e45305000-7f8e45341000 r--p 000e5000 08:02 292348                     /usr/lib/libcairo.so.2.11600.0
7f8e45341000-7f8e45345000 r--p 00120000 08:02 292348                     /usr/lib/libcairo.so.2.11600.0
7f8e45345000-7f8e45346000 rw-p 00124000 08:02 292348                     /usr/lib/libcairo.so.2.11600.0
7f8e45346000-7f8e45347000 rw-p 00000000 00:00 0 
7f8e45347000-7f8e45352000 r--p 00000000 08:02 288710                     /usr/lib/libatk-1.0.so.0.23209.1
7f8e45352000-7f8e45360000 r-xp 0000b000 08:02 288710                     /usr/lib/libatk-1.0.so.0.23209.1
7f8e45360000-7f8e4536b000 r--p 00019000 08:02 288710                     /usr/lib/libatk-1.0.so.0.23209.1
7f8e4536b000-7f8e4536c000 ---p 00024000 08:02 288710                     /usr/lib/libatk-1.0.so.0.23209.1
7f8e4536c000-7f8e4536f000 r--p 00024000 08:02 288710                     /usr/lib/libatk-1.0.so.0.23209.1
7f8e4536f000-7f8e45370000 rw-p 00027000 08:02 288710                     /usr/lib/libatk-1.0.so.0.23209.1
7f8e45370000-7f8e4541e000 r-xp 00000000 08:02 309958                     /usr/lib/libgdk-x11-2.0.so.0.2400.32
7f8e4541e000-7f8e4561e000 ---p 000ae000 08:02 309958                     /usr/lib/libgdk-x11-2.0.so.0.2400.32
7f8e4561e000-7f8e45623000 r--p 000ae000 08:02 309958                     /usr/lib/libgdk-x11-2.0.so.0.2400.32
7f8e45623000-7f8e45624000 rw-p 000b3000 08:02 309958                     /usr/lib/libgdk-x11-2.0.so.0.2400.32
7f8e45624000-7f8e45a54000 r-xp 00000000 08:02 309959                     /usr/lib/libgtk-x11-2.0.so.0.2400.32
7f8e45a54000-7f8e45c54000 ---p 00430000 08:02 309959                     /usr/lib/libgtk-x11-2.0.so.0.2400.32
7f8e45c54000-7f8e45c5e000 r--p 00430000 08:02 309959                     /usr/lib/libgtk-x11-2.0.so.0.2400.32
7f8e45c5e000-7f8e45c5f000 rw-p 0043a000 08:02 309959                     /usr/lib/libgtk-x11-2.0.so.0.2400.32
7f8e45c5f000-7f8e45c61000 rw-p 00000000 00:00 0 
7f8e45c61000-7f8e45c6d000 r-xp 00000000 08:02 655961                     /usr/lib/jvm/java-8-openjdk/jre/lib/amd64/libprism_es2.so
7f8e45c6d000-7f8e45e6c000 ---p 0000c000 08:02 655961                     /usr/lib/jvm/java-8-openjdk/jre/lib/amd64/libprism_es2.so
7f8e45e6c000-7f8e45e6d000 r--p 0000b000 08:02 655961                     /usr/lib/jvm/java-8-openjdk/jre/lib/amd64/libprism_es2.so
7f8e45e6d000-7f8e45e6e000 rw-p 0000c000 08:02 655961                     /usr/lib/jvm/java-8-openjdk/jre/lib/amd64/libprism_es2.so
7f8e45e6e000-7f8e45e71000 ---p 00000000 00:00 0 
7f8e45e71000-7f8e45f6f000 rw-p 00000000 00:00 0 
7f8e45f6f000-7f8e46006000 r--s 008dd000 08:02 792527                     /usr/lib/jvm/java-8-openjdk/jre/lib/ext/jfxrt.jar
7f8e46006000-7f8e46007000 ---p 00000000 00:00 0 
7f8e46007000-7f8e46107000 rw-p 00000000 00:00 0 
7f8e46107000-7f8e4610a000 ---p 00000000 00:00 0 
7f8e4610a000-7f8e46208000 rw-p 00000000 00:00 0 
7f8e46208000-7f8e46209000 ---p 00000000 00:00 0 
7f8e46209000-7f8e4620c000 ---p 00000000 00:00 0 
7f8e4620c000-7f8e46309000 rw-p 00000000 00:00 0 
7f8e46309000-7f8e4630a000 ---p 00000000 00:00 0 
7f8e4630a000-7f8e4630d000 ---p 00000000 00:00 0 
7f8e4630d000-7f8e4640a000 rw-p 00000000 00:00 0 
7f8e4640a000-7f8e4640b000 ---p 00000000 00:00 0 
7f8e4640b000-7f8e4640e000 ---p 00000000 00:00 0 
7f8e4640e000-7f8e4650b000 rw-p 00000000 00:00 0 
7f8e4650b000-7f8e4650e000 ---p 00000000 00:00 0 
7f8e4650e000-7f8e4660c000 rw-p 00000000 00:00 0 
7f8e4660c000-7f8e468f1000 r--p 00000000 08:02 288560                     /usr/lib/locale/locale-archive
7f8e468f1000-7f8e468f4000 ---p 00000000 00:00 0 
7f8e468f4000-7f8e469f2000 rw-p 00000000 00:00 0 
7f8e469f2000-7f8e469f5000 ---p 00000000 00:00 0 
7f8e469f5000-7f8e46af3000 rw-p 00000000 00:00 0 
7f8e46af3000-7f8e46af4000 ---p 00000000 00:00 0 
7f8e46af4000-7f8e48000000 rw-p 00000000 00:00 0 
7f8e48000000-7f8e48021000 rw-p 00000000 00:00 0 
7f8e48021000-7f8e4c000000 ---p 00000000 00:00 0 
7f8e4c000000-7f8e4c008000 r--p 00000000 08:02 1062794                    /usr/share/fonts/noto/NotoSansArmenian-Regular.ttf
7f8e4c008000-7f8e4c00b000 r--s 00000000 08:02 534817                     /var/cache/fontconfig/0db97c0f-710f-4e20-bf5a-693d4ffaffb3-le64.cache-7
7f8e4c00b000-7f8e4c00e000 r--p 00000000 08:02 293934                     /usr/lib/libcanberra.so.0.2.5
7f8e4c00e000-7f8e4c018000 r-xp 00003000 08:02 293934                     /usr/lib/libcanberra.so.0.2.5
7f8e4c018000-7f8e4c01c000 r--p 0000d000 08:02 293934                     /usr/lib/libcanberra.so.0.2.5
7f8e4c01c000-7f8e4c01d000 ---p 00011000 08:02 293934                     /usr/lib/libcanberra.so.0.2.5
7f8e4c01d000-7f8e4c01e000 r--p 00011000 08:02 293934                     /usr/lib/libcanberra.so.0.2.5
7f8e4c01e000-7f8e4c01f000 rw-p 00012000 08:02 293934                     /usr/lib/libcanberra.so.0.2.5
7f8e4c01f000-7f8e4c021000 r--p 00000000 08:02 293927                     /usr/lib/libcanberra-gtk.so.0.1.9
7f8e4c021000-7f8e4c023000 r-xp 00002000 08:02 293927                     /usr/lib/libcanberra-gtk.so.0.1.9
7f8e4c023000-7f8e4c024000 r--p 00004000 08:02 293927                     /usr/lib/libcanberra-gtk.so.0.1.9
7f8e4c024000-7f8e4c025000 r--p 00004000 08:02 293927                     /usr/lib/libcanberra-gtk.so.0.1.9
7f8e4c025000-7f8e4c026000 rw-p 00005000 08:02 293927                     /usr/lib/libcanberra-gtk.so.0.1.9
7f8e4c026000-7f8e4c028000 r--p 00000000 08:02 659422                     /usr/lib/gtk-2.0/modules/libcanberra-gtk-module.so
7f8e4c028000-7f8e4c02b000 r-xp 00002000 08:02 659422                     /usr/lib/gtk-2.0/modules/libcanberra-gtk-module.so
7f8e4c02b000-7f8e4c02c000 r--p 00005000 08:02 659422                     /usr/lib/gtk-2.0/modules/libcanberra-gtk-module.so
7f8e4c02c000-7f8e4c02d000 r--p 00005000 08:02 659422                     /usr/lib/gtk-2.0/modules/libcanberra-gtk-module.so
7f8e4c02d000-7f8e4c02e000 rw-p 00006000 08:02 659422                     /usr/lib/gtk-2.0/modules/libcanberra-gtk-module.so
7f8e4c02e000-7f8e50000000 rw-p 00000000 00:00 0 
7f8e50000000-7f8e50021000 rw-p 00000000 00:00 0 
7f8e50021000-7f8e54000000 ---p 00000000 00:00 0 
7f8e54000000-7f8e54007000 r--p 00000000 08:02 292841                     /usr/lib/libpangoft2-1.0.so.0.4300.0
7f8e54007000-7f8e54011000 r-xp 00007000 08:02 292841                     /usr/lib/libpangoft2-1.0.so.0.4300.0
7f8e54011000-7f8e54015000 r--p 00011000 08:02 292841                     /usr/lib/libpangoft2-1.0.so.0.4300.0
7f8e54015000-7f8e54016000 ---p 00015000 08:02 292841                     /usr/lib/libpangoft2-1.0.so.0.4300.0
7f8e54016000-7f8e54017000 r--p 00015000 08:02 292841                     /usr/lib/libpangoft2-1.0.so.0.4300.0
7f8e54017000-7f8e54018000 rw-p 00016000 08:02 292841                     /usr/lib/libpangoft2-1.0.so.0.4300.0
7f8e54018000-7f8e5401d000 r--p 00000000 08:02 292838                     /usr/lib/libpangocairo-1.0.so.0.4300.0
7f8e5401d000-7f8e54023000 r-xp 00005000 08:02 292838                     /usr/lib/libpangocairo-1.0.so.0.4300.0
7f8e54023000-7f8e54025000 r--p 0000b000 08:02 292838                     /usr/lib/libpangocairo-1.0.so.0.4300.0
7f8e54025000-7f8e54026000 ---p 0000d000 08:02 292838                     /usr/lib/libpangocairo-1.0.so.0.4300.0
7f8e54026000-7f8e54027000 r--p 0000d000 08:02 292838                     /usr/lib/libpangocairo-1.0.so.0.4300.0
7f8e54027000-7f8e54028000 rw-p 0000e000 08:02 292838                     /usr/lib/libpangocairo-1.0.so.0.4300.0
7f8e54028000-7f8e541fb000 rw-p 00000000 00:00 0 
7f8e541fb000-7f8e543cb000 r--s 03c3a000 08:02 663542                     /usr/lib/jvm/java-8-openjdk/jre/lib/rt.jar
7f8e543cb000-7f8e5481e000 rw-p 00000000 00:00 0 
7f8e5481e000-7f8e5481f000 ---p 00000000 00:00 0 
7f8e5481f000-7f8e5491f000 rw-p 00000000 00:00 0 
7f8e5491f000-7f8e54920000 ---p 00000000 00:00 0 
7f8e54920000-7f8e54a20000 rw-p 00000000 00:00 0 
7f8e54a20000-7f8e54a21000 ---p 00000000 00:00 0 
7f8e54a21000-7f8e54b21000 rw-p 00000000 00:00 0 
7f8e54b21000-7f8e54b22000 ---p 00000000 00:00 0 
7f8e54b22000-7f8e54c4c000 rw-p 00000000 00:00 0 
7f8e54c4c000-7f8e54eb5000 ---p 00000000 00:00 0 
7f8e54eb5000-7f8e54ed5000 rw-p 00000000 00:00 0 
7f8e54ed5000-7f8e54fff000 ---p 00000000 00:00 0 
7f8e54fff000-7f8e55000000 rw-p 00000000 00:00 0 
7f8e55000000-7f8e55ee0000 rwxp 00000000 00:00 0 
7f8e55ee0000-7f8e64000000 ---p 00000000 00:00 0 
7f8e64000000-7f8e642e9000 rw-p 00000000 00:00 0 
7f8e642e9000-7f8e68000000 ---p 00000000 00:00 0 
7f8e68000000-7f8e68001000 r--s 00000000 08:02 528425                     /var/cache/fontconfig/a764883d-c486-4473-8af2-af5663e719f7-le64.cache-7
7f8e68001000-7f8e68002000 rw-s 00000000 00:05 622644                     /memfd:xshmfence (deleted)
7f8e68002000-7f8e68003000 rwxp 00000000 00:00 0 
7f8e68003000-7f8e68004000 rw-s 10308f000 00:06 18510                     /dev/dri/renderD128
7f8e68004000-7f8e68005000 r--p 00000000 08:02 279070                     /usr/lib/libgthread-2.0.so.0.6000.3
7f8e68005000-7f8e68006000 r-xp 00001000 08:02 279070                     /usr/lib/libgthread-2.0.so.0.6000.3
7f8e68006000-7f8e68007000 r--p 00002000 08:02 279070                     /usr/lib/libgthread-2.0.so.0.6000.3
7f8e68007000-7f8e68008000 r--p 00002000 08:02 279070                     /usr/lib/libgthread-2.0.so.0.6000.3
7f8e68008000-7f8e68009000 rw-p 00003000 08:02 279070                     /usr/lib/libgthread-2.0.so.0.6000.3
7f8e68009000-7f8e680fe000 rw-p 00000000 00:00 0 
7f8e680fe000-7f8e68368000 ---p 00000000 00:00 0 
7f8e68368000-7f8e683a4000 rw-p 00000000 00:00 0 
7f8e683a4000-7f8e68728000 ---p 00000000 00:00 0 
7f8e68728000-7f8e6872b000 r--p 00000000 08:02 663523                     /usr/lib/jvm/java-8-openjdk/jre/lib/amd64/libzip.so
7f8e6872b000-7f8e6872f000 r-xp 00003000 08:02 663523                     /usr/lib/jvm/java-8-openjdk/jre/lib/amd64/libzip.so
7f8e6872f000-7f8e68731000 r--p 00007000 08:02 663523                     /usr/lib/jvm/java-8-openjdk/jre/lib/amd64/libzip.so
7f8e68731000-7f8e68732000 r--p 00008000 08:02 663523                     /usr/lib/jvm/java-8-openjdk/jre/lib/amd64/libzip.so
7f8e68732000-7f8e68733000 rw-p 00009000 08:02 663523                     /usr/lib/jvm/java-8-openjdk/jre/lib/amd64/libzip.so
7f8e68733000-7f8e6873b000 rw-s 00000000 00:2c 597397                     /tmp/hsperfdata_loreloc/10486
7f8e6873b000-7f8e68748000 r--p 00000000 08:02 663505                     /usr/lib/jvm/java-8-openjdk/jre/lib/amd64/libjava.so
7f8e68748000-7f8e68760000 r-xp 0000d000 08:02 663505                     /usr/lib/jvm/java-8-openjdk/jre/lib/amd64/libjava.so
7f8e68760000-7f8e68767000 r--p 00025000 08:02 663505                     /usr/lib/jvm/java-8-openjdk/jre/lib/amd64/libjava.so
7f8e68767000-7f8e68768000 ---p 0002c000 08:02 663505                     /usr/lib/jvm/java-8-openjdk/jre/lib/amd64/libjava.so
7f8e68768000-7f8e68769000 r--p 0002c000 08:02 663505                     /usr/lib/jvm/java-8-openjdk/jre/lib/amd64/libjava.so
7f8e68769000-7f8e6876a000 rw-p 0002d000 08:02 663505                     /usr/lib/jvm/java-8-openjdk/jre/lib/amd64/libjava.so
7f8e6876a000-7f8e6876b000 rw-p 00000000 00:00 0 
7f8e6876b000-7f8e6876d000 r--p 00000000 08:02 265581                     /usr/lib/librt-2.29.so
7f8e6876d000-7f8e68771000 r-xp 00002000 08:02 265581                     /usr/lib/librt-2.29.so
7f8e68771000-7f8e68773000 r--p 00006000 08:02 265581                     /usr/lib/librt-2.29.so
7f8e68773000-7f8e68774000 r--p 00007000 08:02 265581                     /usr/lib/librt-2.29.so
7f8e68774000-7f8e68775000 rw-p 00008000 08:02 265581                     /usr/lib/librt-2.29.so
7f8e68775000-7f8e68776000 ---p 00000000 00:00 0 
7f8e68776000-7f8e68779000 ---p 00000000 00:00 0 
7f8e68779000-7f8e68876000 rw-p 00000000 00:00 0 
7f8e68876000-7f8e68883000 r--p 00000000 08:02 265544                     /usr/lib/libm-2.29.so
7f8e68883000-7f8e6891f000 r-xp 0000d000 08:02 265544                     /usr/lib/libm-2.29.so
7f8e6891f000-7f8e689ba000 r--p 000a9000 08:02 265544                     /usr/lib/libm-2.29.so
7f8e689ba000-7f8e689bb000 r--p 00143000 08:02 265544                     /usr/lib/libm-2.29.so
7f8e689bb000-7f8e689bc000 rw-p 00144000 08:02 265544                     /usr/lib/libm-2.29.so
7f8e689bc000-7f8e68bad000 r--p 00000000 08:02 797078                     /usr/lib/jvm/java-8-openjdk/jre/lib/amd64/server/libjvm.so
7f8e68bad000-7f8e69420000 r-xp 001f1000 08:02 797078                     /usr/lib/jvm/java-8-openjdk/jre/lib/amd64/server/libjvm.so
7f8e69420000-7f8e695c0000 r--p 00a64000 08:02 797078                     /usr/lib/jvm/java-8-openjdk/jre/lib/amd64/server/libjvm.so
7f8e695c0000-7f8e695c1000 ---p 00c04000 08:02 797078                     /usr/lib/jvm/java-8-openjdk/jre/lib/amd64/server/libjvm.so
7f8e695c1000-7f8e69656000 r--p 00c04000 08:02 797078                     /usr/lib/jvm/java-8-openjdk/jre/lib/amd64/server/libjvm.so
7f8e69656000-7f8e6967e000 rw-p 00c99000 08:02 797078                     /usr/lib/jvm/java-8-openjdk/jre/lib/amd64/server/libjvm.so
7f8e6967e000-7f8e696b0000 rw-p 00000000 00:00 0 
7f8e696b0000-7f8e696b6000 r--p 00000000 08:02 265573                     /usr/lib/libpthread-2.29.so
7f8e696b6000-7f8e696c5000 r-xp 00006000 08:02 265573                     /usr/lib/libpthread-2.29.so
7f8e696c5000-7f8e696cb000 r--p 00015000 08:02 265573                     /usr/lib/libpthread-2.29.so
7f8e696cb000-7f8e696cc000 r--p 0001a000 08:02 265573                     /usr/lib/libpthread-2.29.so
7f8e696cc000-7f8e696cd000 rw-p 0001b000 08:02 265573                     /usr/lib/libpthread-2.29.so
7f8e696cd000-7f8e696d1000 rw-p 00000000 00:00 0 
7f8e696d1000-7f8e696d2000 r--p 00000000 08:02 265538                     /usr/lib/libdl-2.29.so
7f8e696d2000-7f8e696d3000 r-xp 00001000 08:02 265538                     /usr/lib/libdl-2.29.so
7f8e696d3000-7f8e696d4000 r--p 00002000 08:02 265538                     /usr/lib/libdl-2.29.so
7f8e696d4000-7f8e696d5000 r--p 00002000 08:02 265538                     /usr/lib/libdl-2.29.so
7f8e696d5000-7f8e696d6000 rw-p 00003000 08:02 265538                     /usr/lib/libdl-2.29.so
7f8e696d6000-7f8e696ec000 r-xp 00000000 08:02 276567                     /usr/lib/libz.so.1.2.11
7f8e696ec000-7f8e698eb000 ---p 00016000 08:02 276567                     /usr/lib/libz.so.1.2.11
7f8e698eb000-7f8e698ec000 r--p 00015000 08:02 276567                     /usr/lib/libz.so.1.2.11
7f8e698ec000-7f8e698ed000 rw-p 00016000 08:02 276567                     /usr/lib/libz.so.1.2.11
7f8e698ed000-7f8e6990f000 r--p 00000000 08:02 265529                     /usr/lib/libc-2.29.so
7f8e6990f000-7f8e69a5b000 r-xp 00022000 08:02 265529                     /usr/lib/libc-2.29.so
7f8e69a5b000-7f8e69aa7000 r--p 0016e000 08:02 265529                     /usr/lib/libc-2.29.so
7f8e69aa7000-7f8e69aa8000 ---p 001ba000 08:02 265529                     /usr/lib/libc-2.29.so
7f8e69aa8000-7f8e69aac000 r--p 001ba000 08:02 265529                     /usr/lib/libc-2.29.so
7f8e69aac000-7f8e69aae000 rw-p 001be000 08:02 265529                     /usr/lib/libc-2.29.so
7f8e69aae000-7f8e69ab2000 rw-p 00000000 00:00 0 
7f8e69ab2000-7f8e69ab9000 r--s 00089000 08:02 1066964                    /usr/share/java/mariadb-jdbc/mariadb-java-client-2.4.1.jar
7f8e69ab9000-7f8e69abc000 r--p 00000000 08:02 265566                     /usr/lib/libnss_files-2.29.so
7f8e69abc000-7f8e69ac3000 r-xp 00003000 08:02 265566                     /usr/lib/libnss_files-2.29.so
7f8e69ac3000-7f8e69ac6000 r--p 0000a000 08:02 265566                     /usr/lib/libnss_files-2.29.so
7f8e69ac6000-7f8e69ac7000 r--p 0000c000 08:02 265566                     /usr/lib/libnss_files-2.29.so
7f8e69ac7000-7f8e69ac8000 rw-p 0000d000 08:02 265566                     /usr/lib/libnss_files-2.29.so
7f8e69ac8000-7f8e69acf000 rw-p 00000000 00:00 0 
7f8e69acf000-7f8e69ad4000 r--p 00000000 08:02 663522                     /usr/lib/jvm/java-8-openjdk/jre/lib/amd64/libverify.so
7f8e69ad4000-7f8e69adb000 r-xp 00005000 08:02 663522                     /usr/lib/jvm/java-8-openjdk/jre/lib/amd64/libverify.so
7f8e69adb000-7f8e69add000 r--p 0000c000 08:02 663522                     /usr/lib/jvm/java-8-openjdk/jre/lib/amd64/libverify.so
7f8e69add000-7f8e69adf000 r--p 0000d000 08:02 663522                     /usr/lib/jvm/java-8-openjdk/jre/lib/amd64/libverify.so
7f8e69adf000-7f8e69ae0000 rw-p 0000f000 08:02 663522                     /usr/lib/jvm/java-8-openjdk/jre/lib/amd64/libverify.so
7f8e69ae0000-7f8e69ae2000 r--p 00000000 08:02 663491                     /usr/lib/jvm/java-8-openjdk/jre/lib/amd64/jli/libjli.so
7f8e69ae2000-7f8e69aeb000 r-xp 00002000 08:02 663491                     /usr/lib/jvm/java-8-openjdk/jre/lib/amd64/jli/libjli.so
7f8e69aeb000-7f8e69aee000 r--p 0000b000 08:02 663491                     /usr/lib/jvm/java-8-openjdk/jre/lib/amd64/jli/libjli.so
7f8e69aee000-7f8e69aef000 r--p 0000d000 08:02 663491                     /usr/lib/jvm/java-8-openjdk/jre/lib/amd64/jli/libjli.so
7f8e69aef000-7f8e69af0000 rw-p 0000e000 08:02 663491                     /usr/lib/jvm/java-8-openjdk/jre/lib/amd64/jli/libjli.so
7f8e69af0000-7f8e69af2000 rw-p 00000000 00:00 0 
7f8e69af2000-7f8e69af4000 r--p 00000000 08:02 265518                     /usr/lib/ld-2.29.so
7f8e69af4000-7f8e69b13000 r-xp 00002000 08:02 265518                     /usr/lib/ld-2.29.so
7f8e69b13000-7f8e69b1b000 r--p 00021000 08:02 265518                     /usr/lib/ld-2.29.so
7f8e69b1b000-7f8e69b1c000 r--p 00000000 00:00 0 
7f8e69b1c000-7f8e69b1d000 r--p 00029000 08:02 265518                     /usr/lib/ld-2.29.so
7f8e69b1d000-7f8e69b1e000 rw-p 0002a000 08:02 265518                     /usr/lib/ld-2.29.so
7f8e69b1e000-7f8e69b1f000 rw-p 00000000 00:00 0 
7fff1627d000-7fff1629e000 rw-p 00000000 00:00 0                          [stack]
7fff16324000-7fff16327000 r--p 00000000 00:00 0                          [vvar]
7fff16327000-7fff16328000 r-xp 00000000 00:00 0                          [vdso]

VM Arguments:
jvm_args: -Dfile.encoding=UTF-8 -Duser.country=US -Duser.language=en -Duser.variant 
java_command: ClientMain
java_class_path (initial): /home/loreloc/Documents/qt-clustering/client/build/classes/java/main:/home/loreloc/Documents/qt-clustering/client/build/resources/main
Launcher Type: SUN_STANDARD

Environment Variables:
PATH=/home/loreloc/.cargo/bin:/usr/local/bin:/usr/local/sbin:/usr/bin:/usr/lib/jvm/default/bin:/usr/bin/site_perl:/usr/bin/vendor_perl:/usr/bin/core_perl
USERNAME=loreloc
SHELL=/bin/bash
DISPLAY=:0

Signal Handlers:
SIGSEGV: [libjvm.so+0xa32bd0], sa_mask[0]=11111111011111111101111111111110, sa_flags=SA_RESTART|SA_SIGINFO
SIGBUS: [libjvm.so+0xa32bd0], sa_mask[0]=11111111011111111101111111111110, sa_flags=SA_RESTART|SA_SIGINFO
SIGFPE: [libjvm.so+0x88ebd0], sa_mask[0]=11111111011111111101111111111110, sa_flags=SA_RESTART|SA_SIGINFO
SIGPIPE: SIG_IGN, sa_mask[0]=00000000000010000000000000000000, sa_flags=SA_RESTART
SIGXFSZ: [libjvm.so+0x88ebd0], sa_mask[0]=11111111011111111101111111111110, sa_flags=SA_RESTART|SA_SIGINFO
SIGILL: [libjvm.so+0x88ebd0], sa_mask[0]=11111111011111111101111111111110, sa_flags=SA_RESTART|SA_SIGINFO
SIGUSR1: SIG_DFL, sa_mask[0]=00000000000000000000000000000000, sa_flags=none
SIGUSR2: [libjvm.so+0x88ea60], sa_mask[0]=00100000000000000000000000000000, sa_flags=SA_RESTART|SA_SIGINFO
SIGHUP: [libjvm.so+0x88ee70], sa_mask[0]=11111111011111111101111111111110, sa_flags=SA_RESTART|SA_SIGINFO
SIGINT: [libjvm.so+0x88ee70], sa_mask[0]=11111111011111111101111111111110, sa_flags=SA_RESTART|SA_SIGINFO
SIGTERM: [libjvm.so+0x88ee70], sa_mask[0]=11111111011111111101111111111110, sa_flags=SA_RESTART|SA_SIGINFO
SIGQUIT: [libjvm.so+0x88ee70], sa_mask[0]=11111111011111111101111111111110, sa_flags=SA_RESTART|SA_SIGINFO


---------------  S Y S T E M  ---------------

OS:NAME="Arch Linux"
PRETTY_NAME="Arch Linux"
ID=arch
BUILD_ID=rolling
ANSI_COLOR="0;36"
HOME_URL="https://www.archlinux.org/"
DOCUMENTATION_URL="https://wiki.archlinux.org/"
SUPPORT_URL="https://bbs.archlinux.org/"
BUG_REPORT_URL="https://bugs.archlinux.org/"
LOGO=archlinux

uname:Linux 5.1.7-arch1-1-ARCH #1 SMP PREEMPT Tue Jun 4 15:47:45 UTC 2019 x86_64
libc:glibc 2.29 NPTL 2.29 
rlimit: STACK 8192k, CORE infinity, NPROC 31569, NOFILE 524288, AS infinity
load average:0.93 0.72 0.68

/proc/meminfo:
MemTotal:        8099136 kB
MemFree:         2790252 kB
MemAvailable:    4490296 kB
Buffers:           94628 kB
Cached:          1910328 kB
SwapCached:            0 kB
Active:          3375084 kB
Inactive:        1590700 kB
Active(anon):    2901100 kB
Inactive(anon):   186228 kB
Active(file):     473984 kB
Inactive(file):  1404472 kB
Unevictable:          16 kB
Mlocked:              16 kB
SwapTotal:       8388604 kB
SwapFree:        8388604 kB
Dirty:                44 kB
Writeback:             0 kB
AnonPages:       2960996 kB
Mapped:           747944 kB
Shmem:            187476 kB
KReclaimable:      81764 kB
Slab:             139072 kB
SReclaimable:      81764 kB
SUnreclaim:        57308 kB
KernelStack:       14800 kB
PageTables:        29428 kB
NFS_Unstable:          0 kB
Bounce:                0 kB
WritebackTmp:          0 kB
CommitLimit:    12438172 kB
Committed_AS:    8828140 kB
VmallocTotal:   34359738367 kB
VmallocUsed:           0 kB
VmallocChunk:          0 kB
Percpu:             1456 kB
HardwareCorrupted:     0 kB
AnonHugePages:         0 kB
ShmemHugePages:        0 kB
ShmemPmdMapped:        0 kB
HugePages_Total:       0
HugePages_Free:        0
HugePages_Rsvd:        0
HugePages_Surp:        0
Hugepagesize:       2048 kB
Hugetlb:               0 kB
DirectMap4k:      191720 kB
DirectMap2M:     7079936 kB
DirectMap1G:     2097152 kB

container (cgroup) information:
container_type: cgroupv1
cpu_cpuset_cpus: 0-3
cpu_memory_nodes: 0
active_processor_count: 4
cpu_quota: -1
cpu_period: 100000
cpu_shares: -1
memory_limit_in_bytes: -1
memory_and_swap_limit_in_bytes: -1
memory_soft_limit_in_bytes: -1
memory_usage_in_bytes: 1557098496
memory_max_usage_in_bytes: 1563430912


CPU:total 4 (initial active 4) (4 cores per cpu, 1 threads per core) family 6 model 60 stepping 3, cmov, cx8, fxsr, mmx, sse, sse2, sse3, ssse3, sse4.1, sse4.2, popcnt, avx, avx2, aes, clmul, erms, lzcnt, tsc, tscinvbit, bmi1, bmi2

/proc/cpuinfo:
processor	: 0
vendor_id	: GenuineIntel
cpu family	: 6
model		: 60
model name	: Intel(R) Core(TM) i5-4460  CPU @ 3.20GHz
stepping	: 3
microcode	: 0x27
cpu MHz		: 2802.057
cache size	: 6144 KB
physical id	: 0
siblings	: 4
core id		: 0
cpu cores	: 4
apicid		: 0
initial apicid	: 0
fpu		: yes
fpu_exception	: yes
cpuid level	: 13
wp		: yes
flags		: fpu vme de pse tsc msr pae mce cx8 apic sep mtrr pge mca cmov pat pse36 clflush dts acpi mmx fxsr sse sse2 ss ht tm pbe syscall nx pdpe1gb rdtscp lm constant_tsc arch_perfmon pebs bts rep_good nopl xtopology nonstop_tsc cpuid aperfmperf pni pclmulqdq dtes64 monitor ds_cpl vmx est tm2 ssse3 sdbg fma cx16 xtpr pdcm pcid sse4_1 sse4_2 x2apic movbe popcnt tsc_deadline_timer aes xsave avx f16c rdrand lahf_lm abm cpuid_fault invpcid_single pti ssbd ibrs ibpb stibp tpr_shadow vnmi flexpriority ept vpid ept_ad fsgsbase tsc_adjust bmi1 avx2 smep bmi2 erms invpcid xsaveopt dtherm ida arat pln pts md_clear flush_l1d
bugs		: cpu_meltdown spectre_v1 spectre_v2 spec_store_bypass l1tf mds
bogomips	: 6402.88
clflush size	: 64
cache_alignment	: 64
address sizes	: 39 bits physical, 48 bits virtual
power management:

processor	: 1
vendor_id	: GenuineIntel
cpu family	: 6
model		: 60
model name	: Intel(R) Core(TM) i5-4460  CPU @ 3.20GHz
stepping	: 3
microcode	: 0x27
cpu MHz		: 2591.454
cache size	: 6144 KB
physical id	: 0
siblings	: 4
core id		: 1
cpu cores	: 4
apicid		: 2
initial apicid	: 2
fpu		: yes
fpu_exception	: yes
cpuid level	: 13
wp		: yes
flags		: fpu vme de pse tsc msr pae mce cx8 apic sep mtrr pge mca cmov pat pse36 clflush dts acpi mmx fxsr sse sse2 ss ht tm pbe syscall nx pdpe1gb rdtscp lm constant_tsc arch_perfmon pebs bts rep_good nopl xtopology nonstop_tsc cpuid aperfmperf pni pclmulqdq dtes64 monitor ds_cpl vmx est tm2 ssse3 sdbg fma cx16 xtpr pdcm pcid sse4_1 sse4_2 x2apic movbe popcnt tsc_deadline_timer aes xsave avx f16c rdrand lahf_lm abm cpuid_fault invpcid_single pti ssbd ibrs ibpb stibp tpr_shadow vnmi flexpriority ept vpid ept_ad fsgsbase tsc_adjust bmi1 avx2 smep bmi2 erms invpcid xsaveopt dtherm ida arat pln pts md_clear flush_l1d
bugs		: cpu_meltdown spectre_v1 spectre_v2 spec_store_bypass l1tf mds
bogomips	: 6402.88
clflush size	: 64
cache_alignment	: 64
address sizes	: 39 bits physical, 48 bits virtual
power management:

processor	: 2
vendor_id	: GenuineIntel
cpu family	: 6
model		: 60
model name	: Intel(R) Core(TM) i5-4460  CPU @ 3.20GHz
stepping	: 3
microcode	: 0x27
cpu MHz		: 2823.006
cache size	: 6144 KB
physical id	: 0
siblings	: 4
core id		: 2
cpu cores	: 4
apicid		: 4
initial apicid	: 4
fpu		: yes
fpu_exception	: yes
cpuid level	: 13
wp		: yes
flags		: fpu vme de pse tsc msr pae mce cx8 apic sep mtrr pge mca cmov pat pse36 clflush dts acpi mmx fxsr sse sse2 ss ht tm pbe syscall nx pdpe1gb rdtscp lm constant_tsc arch_perfmon pebs bts rep_good nopl xtopology nonstop_tsc cpuid aperfmperf pni pclmulqdq dtes64 monitor ds_cpl vmx est tm2 ssse3 sdbg fma cx16 xtpr pdcm pcid sse4_1 sse4_2 x2apic movbe popcnt tsc_deadline_timer aes xsave avx f16c rdrand lahf_lm abm cpuid_fault invpcid_single pti ssbd ibrs ibpb stibp tpr_shadow vnmi flexpriority ept vpid ept_ad fsgsbase tsc_adjust bmi1 avx2 smep bmi2 erms invpcid xsaveopt dtherm ida arat pln pts md_clear flush_l1d
bugs		: cpu_meltdown spectre_v1 spectre_v2 spec_store_bypass l1tf mds
bogomips	: 6402.88
clflush size	: 64
cache_alignment	: 64
address sizes	: 39 bits physical, 48 bits virtual
power management:

processor	: 3
vendor_id	: GenuineIntel
cpu family	: 6
model		: 60
model name	: Intel(R) Core(TM) i5-4460  CPU @ 3.20GHz
stepping	: 3
microcode	: 0x27
cpu MHz		: 2881.411
cache size	: 6144 KB
physical id	: 0
siblings	: 4
core id		: 3
cpu cores	: 4
apicid		: 6
initial apicid	: 6
fpu		: yes
fpu_exception	: yes
cpuid level	: 13
wp		: yes
flags		: fpu vme de pse tsc msr pae mce cx8 apic sep mtrr pge mca cmov pat pse36 clflush dts acpi mmx fxsr sse sse2 ss ht tm pbe syscall nx pdpe1gb rdtscp lm constant_tsc arch_perfmon pebs bts rep_good nopl xtopology nonstop_tsc cpuid aperfmperf pni pclmulqdq dtes64 monitor ds_cpl vmx est tm2 ssse3 sdbg fma cx16 xtpr pdcm pcid sse4_1 sse4_2 x2apic movbe popcnt tsc_deadline_timer aes xsave avx f16c rdrand lahf_lm abm cpuid_fault invpcid_single pti ssbd ibrs ibpb stibp tpr_shadow vnmi flexpriority ept vpid ept_ad fsgsbase tsc_adjust bmi1 avx2 smep bmi2 erms invpcid xsaveopt dtherm ida arat pln pts md_clear flush_l1d
bugs		: cpu_meltdown spectre_v1 spectre_v2 spec_store_bypass l1tf mds
bogomips	: 6402.88
clflush size	: 64
cache_alignment	: 64
address sizes	: 39 bits physical, 48 bits virtual
power management:



Memory: 4k page, physical 8099136k(2790000k free), swap 8388604k(8388604k free)

vm_info: OpenJDK 64-Bit Server VM (25.212-b01) for linux-amd64 JRE (1.8.0_212-b01), built on Mar 21 2019 23:20:35 by "builduser" with gcc 8.2.1 20181127

time: Sun Jun  9 16:52:23 2019
timezone: CEST
elapsed time: 76 seconds (0d 0h 1m 16s)

